<?xml version="1.0" encoding="UTF-8"?>
<coverage generated="1775434912619" clover="3.2.0">
  <project timestamp="1775434912619" name="All files">
    <metrics statements="523" coveredstatements="515" conditionals="540" coveredconditionals="486" methods="83" coveredmethods="83" elements="1146" coveredelements="1084" complexity="0" loc="523" ncloc="523" packages="5" files="17" classes="17"/>
    <package name="src.commands.help">
      <metrics statements="24" coveredstatements="24" conditionals="8" coveredconditionals="8" methods="5" coveredmethods="5"/>
      <file name="index.ts" path="/Users/isolomatov/Sources/GAIN/rosetta/rosettify/src/commands/help/index.ts">
        <metrics statements="24" coveredstatements="24" conditionals="8" coveredconditionals="8" methods="5" coveredmethods="5"/>
        <line num="10" count="3" type="stmt"/>
        <line num="14" count="7" type="stmt"/>
        <line num="15" count="7" type="stmt"/>
        <line num="21" count="7" type="stmt"/>
        <line num="22" count="7" type="stmt"/>
        <line num="25" count="7" type="cond" truecount="2" falsecount="0"/>
        <line num="26" count="6" type="stmt"/>
        <line num="30" count="3" type="stmt"/>
        <line num="36" count="3" type="stmt"/>
        <line num="37" count="3" type="stmt"/>
        <line num="41" count="4" type="stmt"/>
        <line num="42" count="4" type="cond" truecount="2" falsecount="0"/>
        <line num="45" count="3" type="cond" truecount="2" falsecount="0"/>
        <line num="46" count="2" type="stmt"/>
        <line num="47" count="2" type="stmt"/>
        <line num="48" count="12" type="stmt"/>
        <line num="57" count="3" type="stmt"/>
        <line num="65" count="3" type="stmt"/>
        <line num="66" count="3" type="stmt"/>
        <line num="70" count="2" type="stmt"/>
        <line num="74" count="1" type="stmt"/>
        <line num="80" count="1" type="stmt"/>
        <line num="81" count="1" type="stmt"/>
        <line num="84" count="3" type="stmt"/>
      </file>
    </package>
    <package name="src.commands.plan">
      <metrics statements="404" coveredstatements="401" conditionals="432" coveredconditionals="385" methods="59" coveredmethods="59"/>
      <file name="core.ts" path="/Users/isolomatov/Sources/GAIN/rosetta/rosettify/src/commands/plan/core.ts">
        <metrics statements="141" coveredstatements="141" conditionals="174" coveredconditionals="161" methods="31" coveredmethods="31"/>
        <line num="16" count="11" type="stmt"/>
        <line num="158" count="38" type="cond" truecount="5" falsecount="0"/>
        <line num="159" count="20" type="stmt"/>
        <line num="161" count="18" type="cond" truecount="5" falsecount="0"/>
        <line num="162" count="1" type="stmt"/>
        <line num="164" count="18" type="stmt"/>
        <line num="165" count="18" type="stmt"/>
        <line num="166" count="21" type="cond" truecount="2" falsecount="0"/>
        <line num="167" count="1" type="stmt"/>
        <line num="169" count="20" type="stmt"/>
        <line num="175" count="18" type="stmt"/>
        <line num="184" count="5" type="stmt"/>
        <line num="185" count="5" type="stmt"/>
        <line num="186" count="5" type="cond" truecount="2" falsecount="0"/>
        <line num="187" count="4" type="stmt"/>
        <line num="188" count="4" type="cond" truecount="2" falsecount="0"/>
        <line num="189" count="3" type="stmt"/>
        <line num="194" count="1" type="stmt"/>
        <line num="197" count="4" type="stmt"/>
        <line num="205" count="81" type="cond" truecount="2" falsecount="0"/>
        <line num="206" count="90" type="cond" truecount="2" falsecount="0"/>
        <line num="207" count="117" type="cond" truecount="2" falsecount="0"/>
        <line num="208" count="109" type="cond" truecount="2" falsecount="0"/>
        <line num="209" count="93" type="cond" truecount="4" falsecount="0"/>
        <line num="210" count="13" type="stmt"/>
        <line num="211" count="52" type="stmt"/>
        <line num="215" count="37" type="cond" truecount="2" falsecount="0"/>
        <line num="216" count="70" type="cond" truecount="3" falsecount="1"/>
        <line num="217" count="50" type="cond" truecount="2" falsecount="0"/>
        <line num="218" count="47" type="stmt"/>
        <line num="221" count="50" type="cond" truecount="3" falsecount="1"/>
        <line num="222" count="37" type="cond" truecount="2" falsecount="0"/>
        <line num="223" count="27" type="stmt"/>
        <line num="228" count="45" type="stmt"/>
        <line num="235" count="29" type="stmt"/>
        <line num="236" count="50" type="stmt"/>
        <line num="237" count="39" type="cond" truecount="2" falsecount="0"/>
        <line num="239" count="10" type="stmt"/>
        <line num="243" count="26" type="stmt"/>
        <line num="244" count="26" type="cond" truecount="2" falsecount="0"/>
        <line num="245" count="33" type="cond" truecount="2" falsecount="0"/>
        <line num="246" count="55" type="cond" truecount="3" falsecount="1"/>
        <line num="249" count="26" type="stmt"/>
        <line num="253" count="3" type="stmt"/>
        <line num="254" count="3" type="cond" truecount="2" falsecount="0"/>
        <line num="255" count="3" type="cond" truecount="3" falsecount="1"/>
        <line num="257" count="3" type="stmt"/>
        <line num="264" count="33" type="cond" truecount="1" falsecount="1"/>
        <line num="272" count="5" type="cond" truecount="4" falsecount="0"/>
        <line num="273" count="3" type="cond" truecount="2" falsecount="0"/>
        <line num="274" count="1" type="stmt"/>
        <line num="278" count="3" type="cond" truecount="2" falsecount="0"/>
        <line num="279" count="2" type="stmt"/>
        <line num="286" count="14" type="cond" truecount="4" falsecount="0"/>
        <line num="287" count="12" type="stmt"/>
        <line num="291" count="31" type="stmt"/>
        <line num="292" count="31" type="cond" truecount="2" falsecount="0"/>
        <line num="293" count="33" type="cond" truecount="1" falsecount="1"/>
        <line num="294" count="33" type="cond" truecount="1" falsecount="1"/>
        <line num="295" count="33" type="stmt"/>
        <line num="297" count="33" type="cond" truecount="2" falsecount="0"/>
        <line num="298" count="44" type="cond" truecount="1" falsecount="1"/>
        <line num="299" count="44" type="cond" truecount="2" falsecount="0"/>
        <line num="300" count="42" type="stmt"/>
        <line num="304" count="29" type="stmt"/>
        <line num="310" count="66" type="stmt"/>
        <line num="311" count="66" type="stmt"/>
        <line num="314" count="84" type="stmt"/>
        <line num="315" count="84" type="stmt"/>
        <line num="316" count="84" type="cond" truecount="1" falsecount="1"/>
        <line num="317" count="46" type="cond" truecount="2" falsecount="0"/>
        <line num="318" count="3" type="cond" truecount="2" falsecount="0"/>
        <line num="319" count="43" type="cond" truecount="2" falsecount="0"/>
        <line num="320" count="3" type="stmt"/>
        <line num="323" count="80" type="stmt"/>
        <line num="324" count="80" type="stmt"/>
        <line num="327" count="66" type="stmt"/>
        <line num="328" count="83" type="cond" truecount="2" falsecount="0"/>
        <line num="329" count="81" type="cond" truecount="2" falsecount="0"/>
        <line num="332" count="63" type="stmt"/>
        <line num="336" count="33" type="stmt"/>
        <line num="337" count="33" type="cond" truecount="2" falsecount="0"/>
        <line num="338" count="37" type="cond" truecount="2" falsecount="0"/>
        <line num="339" count="37" type="cond" truecount="1" falsecount="1"/>
        <line num="340" count="45" type="cond" truecount="2" falsecount="0"/>
        <line num="345" count="33" type="stmt"/>
        <line num="346" count="33" type="cond" truecount="2" falsecount="0"/>
        <line num="347" count="37" type="cond" truecount="2" falsecount="0"/>
        <line num="348" count="36" type="stmt"/>
        <line num="349" count="36" type="cond" truecount="2" falsecount="0"/>
        <line num="350" count="15" type="cond" truecount="1" falsecount="1"/>
        <line num="351" count="15" type="stmt"/>
        <line num="355" count="33" type="stmt"/>
        <line num="356" count="33" type="cond" truecount="2" falsecount="0"/>
        <line num="359" count="31" type="stmt"/>
        <line num="360" count="31" type="cond" truecount="2" falsecount="0"/>
        <line num="361" count="34" type="cond" truecount="1" falsecount="1"/>
        <line num="362" count="43" type="cond" truecount="2" falsecount="0"/>
        <line num="363" count="42" type="stmt"/>
        <line num="364" count="42" type="cond" truecount="2" falsecount="0"/>
        <line num="365" count="26" type="cond" truecount="2" falsecount="0"/>
        <line num="366" count="24" type="stmt"/>
        <line num="371" count="29" type="stmt"/>
        <line num="375" count="35" type="cond" truecount="4" falsecount="0"/>
        <line num="377" count="34" type="cond" truecount="4" falsecount="0"/>
        <line num="378" count="1" type="stmt"/>
        <line num="381" count="2628" type="cond" truecount="4" falsecount="0"/>
        <line num="382" count="2" type="stmt"/>
        <line num="383" count="2626" type="stmt"/>
        <line num="387" count="1814" type="cond" truecount="4" falsecount="0"/>
        <line num="388" count="1194" type="cond" truecount="2" falsecount="0"/>
        <line num="389" count="1193" type="stmt"/>
        <line num="391" count="620" type="cond" truecount="2" falsecount="0"/>
        <line num="392" count="350" type="stmt"/>
        <line num="393" count="205" type="stmt"/>
        <line num="394" count="205" type="cond" truecount="2" falsecount="0"/>
        <line num="396" count="348" type="stmt"/>
        <line num="398" count="270" type="stmt"/>
        <line num="399" count="1434" type="cond" truecount="2" falsecount="0"/>
        <line num="400" count="1433" type="stmt"/>
        <line num="401" count="1433" type="cond" truecount="2" falsecount="0"/>
        <line num="403" count="266" type="stmt"/>
        <line num="406" count="33" type="cond" truecount="2" falsecount="0"/>
        <line num="407" count="87" type="cond" truecount="4" falsecount="0"/>
        <line num="408" count="1" type="stmt"/>
        <line num="409" count="86" type="cond" truecount="4" falsecount="0"/>
        <line num="410" count="1" type="stmt"/>
        <line num="412" count="85" type="stmt"/>
        <line num="413" count="85" type="cond" truecount="2" falsecount="0"/>
        <line num="415" count="83" type="cond" truecount="2" falsecount="0"/>
        <line num="416" count="92" type="cond" truecount="4" falsecount="0"/>
        <line num="417" count="1" type="stmt"/>
        <line num="418" count="91" type="stmt"/>
        <line num="419" count="91" type="cond" truecount="1" falsecount="1"/>
        <line num="423" count="28" type="stmt"/>
        <line num="431" count="125" type="cond" truecount="2" falsecount="0"/>
        <line num="432" count="119" type="stmt"/>
        <line num="436" count="107" type="stmt"/>
        <line num="437" count="107" type="stmt"/>
        <line num="438" count="107" type="stmt"/>
        <line num="439" count="107" type="stmt"/>
      </file>
      <file name="create.ts" path="/Users/isolomatov/Sources/GAIN/rosetta/rosettify/src/commands/plan/create.ts">
        <metrics statements="21" coveredstatements="21" conditionals="16" coveredconditionals="14" methods="3" coveredmethods="3"/>
        <line num="20" count="14" type="stmt"/>
        <line num="21" count="14" type="stmt"/>
        <line num="23" count="14" type="cond" truecount="2" falsecount="0"/>
        <line num="27" count="14" type="stmt"/>
        <line num="28" count="6" type="cond" truecount="2" falsecount="0"/>
        <line num="31" count="6" type="stmt"/>
        <line num="37" count="6" type="stmt"/>
        <line num="42" count="6" type="stmt"/>
        <line num="45" count="14" type="stmt"/>
        <line num="54" count="14" type="stmt"/>
        <line num="55" count="14" type="cond" truecount="2" falsecount="0"/>
        <line num="57" count="13" type="stmt"/>
        <line num="58" count="13" type="cond" truecount="2" falsecount="0"/>
        <line num="60" count="11" type="stmt"/>
        <line num="61" count="11" type="cond" truecount="1" falsecount="1"/>
        <line num="63" count="11" type="stmt"/>
        <line num="64" count="11" type="stmt"/>
        <line num="66" count="11" type="stmt"/>
        <line num="67" count="11" type="stmt"/>
        <line num="69" count="1" type="cond" truecount="1" falsecount="1"/>
        <line num="70" count="1" type="stmt"/>
      </file>
      <file name="help-content.ts" path="/Users/isolomatov/Sources/GAIN/rosetta/rosettify/src/commands/plan/help-content.ts">
        <metrics statements="1" coveredstatements="1" conditionals="0" coveredconditionals="0" methods="0" coveredmethods="0"/>
        <line num="9" count="5" type="stmt"/>
      </file>
      <file name="index.ts" path="/Users/isolomatov/Sources/GAIN/rosetta/rosettify/src/commands/plan/index.ts">
        <metrics statements="31" coveredstatements="30" conditionals="35" coveredconditionals="34" methods="1" coveredmethods="1"/>
        <line num="12" count="5" type="stmt"/>
        <line num="23" count="19" type="stmt"/>
        <line num="26" count="19" type="cond" truecount="2" falsecount="0"/>
        <line num="27" count="1" type="stmt"/>
        <line num="31" count="18" type="cond" truecount="2" falsecount="0"/>
        <line num="32" count="1" type="stmt"/>
        <line num="40" count="17" type="cond" truecount="2" falsecount="0"/>
        <line num="41" count="5" type="cond" truecount="2" falsecount="0"/>
        <line num="42" count="1" type="stmt"/>
        <line num="43" count="1" type="stmt"/>
        <line num="45" count="1" type="stmt"/>
        <line num="48" count="4" type="stmt"/>
        <line num="52" count="16" type="cond" truecount="6" falsecount="1"/>
        <line num="54" count="3" type="cond" truecount="2" falsecount="0"/>
        <line num="55" count="2" type="cond" truecount="2" falsecount="0"/>
        <line num="56" count="1" type="stmt"/>
        <line num="60" count="2" type="cond" truecount="2" falsecount="0"/>
        <line num="61" count="1" type="stmt"/>
        <line num="65" count="4" type="cond" truecount="2" falsecount="0"/>
        <line num="66" count="3" type="cond" truecount="2" falsecount="0"/>
        <line num="67" count="2" type="cond" truecount="2" falsecount="0"/>
        <line num="68" count="1" type="stmt"/>
        <line num="72" count="2" type="cond" truecount="2" falsecount="0"/>
        <line num="73" count="1" type="stmt"/>
        <line num="77" count="2" type="cond" truecount="2" falsecount="0"/>
        <line num="78" count="1" type="stmt"/>
        <line num="82" count="3" type="cond" truecount="2" falsecount="0"/>
        <line num="83" count="2" type="cond" truecount="2" falsecount="0"/>
        <line num="84" count="1" type="stmt"/>
        <line num="88" count="0" type="stmt"/>
        <line num="92" count="5" type="stmt"/>
      </file>
      <file name="next.ts" path="/Users/isolomatov/Sources/GAIN/rosetta/rosettify/src/commands/plan/next.ts">
        <metrics statements="42" coveredstatements="42" conditionals="45" coveredconditionals="43" methods="5" coveredmethods="5"/>
        <line num="19" count="25" type="stmt"/>
        <line num="20" count="25" type="cond" truecount="2" falsecount="0"/>
        <line num="22" count="24" type="stmt"/>
        <line num="23" count="24" type="cond" truecount="2" falsecount="0"/>
        <line num="26" count="22" type="cond" truecount="2" falsecount="0"/>
        <line num="27" count="4" type="stmt"/>
        <line num="28" count="2" type="cond" truecount="2" falsecount="0"/>
        <line num="31" count="21" type="stmt"/>
        <line num="38" count="21" type="cond" truecount="2" falsecount="0"/>
        <line num="39" count="2" type="stmt"/>
        <line num="41" count="20" type="stmt"/>
        <line num="42" count="20" type="cond" truecount="2" falsecount="0"/>
        <line num="44" count="20" type="cond" truecount="2" falsecount="0"/>
        <line num="47" count="21" type="stmt"/>
        <line num="48" count="21" type="stmt"/>
        <line num="49" count="21" type="stmt"/>
        <line num="50" count="21" type="stmt"/>
        <line num="52" count="21" type="stmt"/>
        <line num="53" count="18" type="cond" truecount="2" falsecount="0"/>
        <line num="54" count="37" type="cond" truecount="2" falsecount="0"/>
        <line num="56" count="37" type="cond" truecount="2" falsecount="0"/>
        <line num="57" count="2" type="stmt"/>
        <line num="58" count="35" type="cond" truecount="2" falsecount="0"/>
        <line num="60" count="30" type="cond" truecount="2" falsecount="0"/>
        <line num="61" count="26" type="stmt"/>
        <line num="63" count="5" type="cond" truecount="2" falsecount="0"/>
        <line num="64" count="2" type="stmt"/>
        <line num="65" count="3" type="cond" truecount="2" falsecount="0"/>
        <line num="66" count="2" type="stmt"/>
        <line num="71" count="21" type="stmt"/>
        <line num="76" count="21" type="stmt"/>
        <line num="77" count="21" type="stmt"/>
        <line num="79" count="1" type="cond" truecount="1" falsecount="1"/>
        <line num="80" count="1" type="stmt"/>
        <line num="93" count="32" type="stmt"/>
        <line num="102" count="32" type="cond" truecount="2" falsecount="0"/>
        <line num="103" count="32" type="cond" truecount="2" falsecount="0"/>
        <line num="104" count="32" type="cond" truecount="2" falsecount="0"/>
        <line num="105" count="32" type="cond" truecount="2" falsecount="0"/>
        <line num="106" count="32" type="cond" truecount="2" falsecount="0"/>
        <line num="107" count="32" type="cond" truecount="2" falsecount="0"/>
        <line num="108" count="32" type="stmt"/>
      </file>
      <file name="query.ts" path="/Users/isolomatov/Sources/GAIN/rosetta/rosettify/src/commands/plan/query.ts">
        <metrics statements="17" coveredstatements="17" conditionals="12" coveredconditionals="11" methods="1" coveredmethods="1"/>
        <line num="17" count="10" type="stmt"/>
        <line num="18" count="10" type="stmt"/>
        <line num="19" count="10" type="cond" truecount="2" falsecount="0"/>
        <line num="21" count="8" type="cond" truecount="4" falsecount="0"/>
        <line num="22" count="3" type="stmt"/>
        <line num="23" count="3" type="stmt"/>
        <line num="26" count="5" type="stmt"/>
        <line num="27" count="5" type="cond" truecount="2" falsecount="0"/>
        <line num="28" count="2" type="stmt"/>
        <line num="29" count="2" type="stmt"/>
        <line num="32" count="3" type="stmt"/>
        <line num="33" count="3" type="cond" truecount="2" falsecount="0"/>
        <line num="34" count="2" type="stmt"/>
        <line num="35" count="2" type="stmt"/>
        <line num="38" count="1" type="stmt"/>
        <line num="40" count="1" type="cond" truecount="1" falsecount="1"/>
        <line num="41" count="1" type="stmt"/>
      </file>
      <file name="show-status.ts" path="/Users/isolomatov/Sources/GAIN/rosetta/rosettify/src/commands/plan/show-status.ts">
        <metrics statements="37" coveredstatements="37" conditionals="50" coveredconditionals="45" methods="8" coveredmethods="8"/>
        <line num="16" count="16" type="stmt"/>
        <line num="25" count="16" type="stmt"/>
        <line num="26" count="27" type="cond" truecount="1" falsecount="1"/>
        <line num="27" count="27" type="stmt"/>
        <line num="30" count="16" type="stmt"/>
        <line num="34" count="16" type="stmt"/>
        <line num="45" count="17" type="stmt"/>
        <line num="46" count="17" type="stmt"/>
        <line num="47" count="17" type="cond" truecount="2" falsecount="0"/>
        <line num="49" count="15" type="cond" truecount="4" falsecount="0"/>
        <line num="50" count="11" type="cond" truecount="2" falsecount="0"/>
        <line num="51" count="16" type="cond" truecount="3" falsecount="1"/>
        <line num="53" count="8" type="cond" truecount="2" falsecount="0"/>
        <line num="54" count="11" type="cond" truecount="2" falsecount="0"/>
        <line num="57" count="8" type="stmt"/>
        <line num="62" count="11" type="cond" truecount="2" falsecount="0"/>
        <line num="66" count="16" type="cond" truecount="1" falsecount="1"/>
        <line num="73" count="8" type="stmt"/>
        <line num="74" count="8" type="stmt"/>
        <line num="78" count="7" type="stmt"/>
        <line num="79" count="7" type="cond" truecount="2" falsecount="0"/>
        <line num="80" count="3" type="stmt"/>
        <line num="84" count="3" type="cond" truecount="2" falsecount="0"/>
        <line num="90" count="3" type="stmt"/>
        <line num="91" count="3" type="stmt"/>
        <line num="95" count="4" type="stmt"/>
        <line num="96" count="4" type="cond" truecount="2" falsecount="0"/>
        <line num="97" count="3" type="stmt"/>
        <line num="98" count="3" type="stmt"/>
        <line num="104" count="3" type="cond" truecount="2" falsecount="0"/>
        <line num="105" count="3" type="cond" truecount="2" falsecount="0"/>
        <line num="106" count="3" type="cond" truecount="2" falsecount="0"/>
        <line num="107" count="3" type="stmt"/>
        <line num="108" count="3" type="stmt"/>
        <line num="111" count="1" type="stmt"/>
        <line num="113" count="1" type="cond" truecount="1" falsecount="1"/>
        <line num="114" count="1" type="stmt"/>
      </file>
      <file name="update-status.ts" path="/Users/isolomatov/Sources/GAIN/rosetta/rosettify/src/commands/plan/update-status.ts">
        <metrics statements="18" coveredstatements="16" conditionals="12" coveredconditionals="10" methods="2" coveredmethods="2"/>
        <line num="21" count="15" type="stmt"/>
        <line num="22" count="15" type="stmt"/>
        <line num="27" count="14" type="cond" truecount="2" falsecount="0"/>
        <line num="28" count="1" type="stmt"/>
        <line num="30" count="13" type="cond" truecount="2" falsecount="0"/>
        <line num="31" count="1" type="stmt"/>
        <line num="33" count="12" type="cond" truecount="2" falsecount="0"/>
        <line num="34" count="1" type="stmt"/>
        <line num="36" count="11" type="stmt"/>
        <line num="37" count="11" type="cond" truecount="2" falsecount="0"/>
        <line num="39" count="10" type="stmt"/>
        <line num="40" count="10" type="cond" truecount="2" falsecount="0"/>
        <line num="42" count="9" type="stmt"/>
        <line num="43" count="9" type="stmt"/>
        <line num="45" count="9" type="stmt"/>
        <line num="46" count="9" type="stmt"/>
        <line num="54" count="0" type="cond" truecount="0" falsecount="2"/>
        <line num="55" count="0" type="stmt"/>
      </file>
      <file name="upsert.ts" path="/Users/isolomatov/Sources/GAIN/rosetta/rosettify/src/commands/plan/upsert.ts">
        <metrics statements="96" coveredstatements="96" conditionals="88" coveredconditionals="67" methods="8" coveredmethods="8"/>
        <line num="23" count="5" type="stmt"/>
        <line num="28" count="21" type="stmt"/>
        <line num="29" count="21" type="stmt"/>
        <line num="30" count="21" type="stmt"/>
        <line num="31" count="27" type="cond" truecount="2" falsecount="0"/>
        <line num="32" count="1" type="stmt"/>
        <line num="33" count="26" type="cond" truecount="4" falsecount="0"/>
        <line num="34" count="1" type="stmt"/>
        <line num="35" count="1" type="stmt"/>
        <line num="36" count="1" type="cond" truecount="1" falsecount="1"/>
        <line num="37" count="1" type="stmt"/>
        <line num="39" count="25" type="cond" truecount="4" falsecount="0"/>
        <line num="40" count="1" type="stmt"/>
        <line num="41" count="1" type="stmt"/>
        <line num="42" count="1" type="cond" truecount="1" falsecount="1"/>
        <line num="43" count="1" type="stmt"/>
        <line num="46" count="24" type="stmt"/>
        <line num="49" count="21" type="stmt"/>
        <line num="59" count="19" type="stmt"/>
        <line num="60" count="19" type="cond" truecount="1" falsecount="1"/>
        <line num="63" count="19" type="stmt"/>
        <line num="64" count="19" type="cond" truecount="2" falsecount="0"/>
        <line num="69" count="19" type="cond" truecount="4" falsecount="0"/>
        <line num="70" count="1" type="stmt"/>
        <line num="71" count="1" type="stmt"/>
        <line num="79" count="1" type="stmt"/>
        <line num="80" count="1" type="cond" truecount="1" falsecount="1"/>
        <line num="81" count="1" type="stmt"/>
        <line num="82" count="1" type="cond" truecount="1" falsecount="1"/>
        <line num="83" count="1" type="cond" truecount="1" falsecount="1"/>
        <line num="84" count="1" type="cond" truecount="1" falsecount="1"/>
        <line num="85" count="1" type="cond" truecount="1" falsecount="1"/>
        <line num="86" count="1" type="stmt"/>
        <line num="87" count="1" type="stmt"/>
        <line num="88" count="1" type="stmt"/>
        <line num="89" count="1" type="cond" truecount="1" falsecount="1"/>
        <line num="90" count="1" type="stmt"/>
        <line num="93" count="17" type="stmt"/>
        <line num="98" count="16" type="stmt"/>
        <line num="100" count="16" type="cond" truecount="2" falsecount="0"/>
        <line num="101" count="4" type="stmt"/>
        <line num="102" count="4" type="cond" truecount="1" falsecount="1"/>
        <line num="103" count="4" type="stmt"/>
        <line num="104" count="4" type="cond" truecount="1" falsecount="1"/>
        <line num="106" count="22" type="stmt"/>
        <line num="107" count="12" type="cond" truecount="2" falsecount="0"/>
        <line num="108" count="2" type="stmt"/>
        <line num="109" count="2" type="stmt"/>
        <line num="110" count="2" type="cond" truecount="1" falsecount="1"/>
        <line num="111" count="2" type="cond" truecount="4" falsecount="0"/>
        <line num="112" count="1" type="stmt"/>
        <line num="113" count="1" type="cond" truecount="1" falsecount="1"/>
        <line num="114" count="1" type="cond" truecount="1" falsecount="1"/>
        <line num="115" count="1" type="stmt"/>
        <line num="116" count="1" type="stmt"/>
        <line num="117" count="1" type="stmt"/>
        <line num="118" count="1" type="stmt"/>
        <line num="120" count="1" type="stmt"/>
        <line num="123" count="10" type="stmt"/>
        <line num="124" count="10" type="cond" truecount="2" falsecount="0"/>
        <line num="125" count="4" type="stmt"/>
        <line num="126" count="4" type="cond" truecount="2" falsecount="0"/>
        <line num="127" count="3" type="stmt"/>
        <line num="128" count="3" type="stmt"/>
        <line num="129" count="3" type="stmt"/>
        <line num="131" count="6" type="cond" truecount="2" falsecount="0"/>
        <line num="132" count="5" type="cond" truecount="4" falsecount="0"/>
        <line num="133" count="4" type="cond" truecount="2" falsecount="0"/>
        <line num="134" count="3" type="cond" truecount="2" falsecount="0"/>
        <line num="135" count="2" type="stmt"/>
        <line num="136" count="2" type="cond" truecount="2" falsecount="0"/>
        <line num="137" count="1" type="stmt"/>
        <line num="138" count="1" type="cond" truecount="1" falsecount="1"/>
        <line num="139" count="3" type="stmt"/>
        <line num="141" count="1" type="stmt"/>
        <line num="142" count="1" type="cond" truecount="1" falsecount="1"/>
        <line num="143" count="1" type="stmt"/>
        <line num="149" count="11" type="cond" truecount="1" falsecount="1"/>
        <line num="150" count="11" type="cond" truecount="1" falsecount="1"/>
        <line num="151" count="11" type="cond" truecount="1" falsecount="1"/>
        <line num="152" count="11" type="stmt"/>
        <line num="154" count="11" type="stmt"/>
        <line num="155" count="11" type="stmt"/>
        <line num="156" count="11" type="cond" truecount="2" falsecount="0"/>
        <line num="157" count="11" type="stmt"/>
        <line num="161" count="1" type="cond" truecount="1" falsecount="1"/>
        <line num="162" count="1" type="stmt"/>
        <line num="167" count="5" type="cond" truecount="4" falsecount="0"/>
        <line num="168" count="1" type="stmt"/>
        <line num="169" count="1" type="stmt"/>
        <line num="170" count="1" type="cond" truecount="1" falsecount="1"/>
        <line num="171" count="1" type="stmt"/>
        <line num="172" count="1" type="stmt"/>
        <line num="173" count="1" type="stmt"/>
        <line num="174" count="1" type="stmt"/>
        <line num="176" count="4" type="stmt"/>
      </file>
    </package>
    <package name="src.registry">
      <metrics statements="4" coveredstatements="4" conditionals="0" coveredconditionals="0" methods="5" coveredmethods="5"/>
      <file name="index.ts" path="/Users/isolomatov/Sources/GAIN/rosetta/rosettify/src/registry/index.ts">
        <metrics statements="4" coveredstatements="4" conditionals="0" coveredconditionals="0" methods="5" coveredmethods="5"/>
        <line num="5" count="3" type="stmt"/>
        <line num="11" count="2" type="stmt"/>
        <line num="15" count="2" type="stmt"/>
        <line num="19" count="2" type="stmt"/>
      </file>
    </package>
    <package name="src.shared">
      <metrics statements="84" coveredstatements="79" conditionals="98" coveredconditionals="91" methods="7" coveredmethods="7"/>
      <file name="concurrency.ts" path="/Users/isolomatov/Sources/GAIN/rosetta/rosettify/src/shared/concurrency.ts">
        <metrics statements="16" coveredstatements="15" conditionals="13" coveredconditionals="13" methods="1" coveredmethods="1"/>
        <line num="24" count="38" type="stmt"/>
        <line num="25" count="42" type="stmt"/>
        <line num="26" count="42" type="cond" truecount="2" falsecount="0"/>
        <line num="28" count="39" type="stmt"/>
        <line num="29" count="39" type="stmt"/>
        <line num="31" count="39" type="cond" truecount="2" falsecount="0"/>
        <line num="32" count="11" type="cond" truecount="2" falsecount="0"/>
        <line num="36" count="28" type="stmt"/>
        <line num="37" count="28" type="cond" truecount="4" falsecount="0"/>
        <line num="38" count="6" type="cond" truecount="2" falsecount="0"/>
        <line num="39" count="4" type="stmt"/>
        <line num="42" count="22" type="stmt"/>
        <line num="43" count="22" type="stmt"/>
        <line num="44" count="22" type="stmt"/>
        <line num="45" count="22" type="stmt"/>
        <line num="48" count="0" type="stmt"/>
      </file>
      <file name="constants.ts" path="/Users/isolomatov/Sources/GAIN/rosetta/rosettify/src/shared/constants.ts">
        <metrics statements="6" coveredstatements="6" conditionals="0" coveredconditionals="0" methods="0" coveredmethods="0"/>
        <line num="3" count="12" type="stmt"/>
        <line num="4" count="12" type="stmt"/>
        <line num="5" count="12" type="stmt"/>
        <line num="6" count="12" type="stmt"/>
        <line num="7" count="12" type="stmt"/>
        <line num="9" count="12" type="stmt"/>
      </file>
      <file name="dispatch.ts" path="/Users/isolomatov/Sources/GAIN/rosetta/rosettify/src/shared/dispatch.ts">
        <metrics statements="56" coveredstatements="52" conditionals="80" coveredconditionals="73" methods="3" coveredmethods="3"/>
        <line num="11" count="27" type="cond" truecount="4" falsecount="0"/>
        <line num="12" count="3" type="stmt"/>
        <line num="15" count="24" type="stmt"/>
        <line num="16" count="24" type="stmt"/>
        <line num="19" count="24" type="stmt"/>
        <line num="21" count="24" type="cond" truecount="2" falsecount="0"/>
        <line num="22" count="7" type="stmt"/>
        <line num="23" count="3" type="cond" truecount="2" falsecount="0"/>
        <line num="24" count="2" type="stmt"/>
        <line num="29" count="22" type="cond" truecount="2" falsecount="0"/>
        <line num="30" count="21" type="stmt"/>
        <line num="31" count="25" type="cond" truecount="2" falsecount="0"/>
        <line num="32" count="18" type="stmt"/>
        <line num="33" count="18" type="stmt"/>
        <line num="34" count="18" type="stmt"/>
        <line num="35" count="18" type="stmt"/>
        <line num="37" count="18" type="cond" truecount="5" falsecount="0"/>
        <line num="38" count="14" type="stmt"/>
        <line num="39" count="14" type="cond" truecount="4" falsecount="0"/>
        <line num="40" count="9" type="cond" truecount="5" falsecount="0"/>
        <line num="41" count="8" type="cond" truecount="2" falsecount="2"/>
        <line num="42" count="8" type="cond" truecount="4" falsecount="0"/>
        <line num="43" count="7" type="cond" truecount="5" falsecount="0"/>
        <line num="44" count="6" type="cond" truecount="4" falsecount="0"/>
        <line num="45" count="14" type="cond" truecount="4" falsecount="0"/>
        <line num="48" count="13" type="cond" truecount="5" falsecount="0"/>
        <line num="49" count="3" type="stmt"/>
        <line num="50" count="5" type="stmt"/>
        <line num="51" count="5" type="cond" truecount="1" falsecount="1"/>
        <line num="52" count="5" type="cond" truecount="4" falsecount="0"/>
        <line num="53" count="4" type="cond" truecount="5" falsecount="0"/>
        <line num="54" count="3" type="stmt"/>
        <line num="56" count="3" type="cond" truecount="2" falsecount="0"/>
        <line num="59" count="12" type="cond" truecount="5" falsecount="0"/>
        <line num="60" count="1" type="stmt"/>
        <line num="65" count="15" type="stmt"/>
        <line num="72" count="5" type="stmt"/>
        <line num="74" count="5" type="stmt"/>
        <line num="75" count="5" type="cond" truecount="2" falsecount="0"/>
        <line num="76" count="1" type="stmt"/>
        <line num="81" count="4" type="stmt"/>
        <line num="82" count="4" type="stmt"/>
        <line num="84" count="1" type="cond" truecount="1" falsecount="1"/>
        <line num="85" count="1" type="stmt"/>
        <line num="86" count="1" type="stmt"/>
        <line num="90" count="3" type="cond" truecount="2" falsecount="0"/>
        <line num="91" count="1" type="stmt"/>
        <line num="93" count="1" type="stmt"/>
        <line num="94" count="1" type="stmt"/>
        <line num="95" count="1" type="stmt"/>
        <line num="99" count="1" type="stmt"/>
        <line num="101" count="0" type="stmt"/>
        <line num="105" count="2" type="stmt"/>
        <line num="108" count="0" type="cond" truecount="0" falsecount="2"/>
        <line num="109" count="0" type="stmt"/>
        <line num="110" count="0" type="stmt"/>
      </file>
      <file name="envelope.ts" path="/Users/isolomatov/Sources/GAIN/rosetta/rosettify/src/shared/envelope.ts">
        <metrics statements="3" coveredstatements="3" conditionals="1" coveredconditionals="1" methods="3" coveredmethods="3"/>
        <line num="4" count="62" type="stmt"/>
        <line num="8" count="45" type="stmt"/>
        <line num="12" count="1" type="stmt"/>
      </file>
      <file name="logger.ts" path="/Users/isolomatov/Sources/GAIN/rosetta/rosettify/src/shared/logger.ts">
        <metrics statements="3" coveredstatements="3" conditionals="4" coveredconditionals="4" methods="0" coveredmethods="0"/>
        <line num="8" count="10" type="cond" truecount="2" falsecount="0"/>
        <line num="10" count="10" type="cond" truecount="2" falsecount="0"/>
        <line num="12" count="10" type="stmt"/>
      </file>
    </package>
    <package name="tests.fixtures">
      <metrics statements="7" coveredstatements="7" conditionals="2" coveredconditionals="2" methods="7" coveredmethods="7"/>
      <file name="plans.ts" path="/Users/isolomatov/Sources/GAIN/rosetta/rosettify/tests/fixtures/plans.ts">
        <metrics statements="7" coveredstatements="7" conditionals="2" coveredconditionals="2" methods="7" coveredmethods="7"/>
        <line num="9" count="75" type="stmt"/>
        <line num="60" count="26" type="stmt"/>
        <line num="71" count="9" type="stmt"/>
        <line num="99" count="2" type="stmt"/>
        <line num="127" count="1" type="stmt"/>
        <line num="162" count="158" type="stmt"/>
        <line num="173" count="169" type="stmt"/>
      </file>
    </package>
  </project>
</coverage>
