{"/Users/isolomatov/Sources/GAIN/rosetta/rosettify/src/commands/help/index.ts": {"path":"/Users/isolomatov/Sources/GAIN/rosetta/rosettify/src/commands/help/index.ts","statementMap":{"0":{"start":{"line":10,"column":16},"end":{"line":10,"column":null}},"1":{"start":{"line":14,"column":23},"end":{"line":14,"column":null}},"2":{"start":{"line":15,"column":2},"end":{"line":15,"column":null}},"3":{"start":{"line":21,"column":25},"end":{"line":21,"column":null}},"4":{"start":{"line":22,"column":19},"end":{"line":22,"column":38}},"5":{"start":{"line":25,"column":2},"end":{"line":37,"column":null}},"6":{"start":{"line":26,"column":21},"end":{"line":29,"column":7}},"7":{"start":{"line":26,"column":56},"end":{"line":29,"column":7}},"8":{"start":{"line":30,"column":33},"end":{"line":35,"column":null}},"9":{"start":{"line":36,"column":4},"end":{"line":36,"column":null}},"10":{"start":{"line":37,"column":4},"end":{"line":37,"column":null}},"11":{"start":{"line":41,"column":15},"end":{"line":41,"column":39}},"12":{"start":{"line":42,"column":2},"end":{"line":66,"column":null}},"13":{"start":{"line":45,"column":4},"end":{"line":52,"column":null}},"14":{"start":{"line":46,"column":6},"end":{"line":52,"column":null}},"15":{"start":{"line":47,"column":36},"end":{"line":47,"column":null}},"16":{"start":{"line":48,"column":8},"end":{"line":51,"column":null}},"17":{"start":{"line":48,"column":62},"end":{"line":51,"column":11}},"18":{"start":{"line":57,"column":38},"end":{"line":64,"column":null}},"19":{"start":{"line":65,"column":4},"end":{"line":65,"column":null}},"20":{"start":{"line":66,"column":4},"end":{"line":66,"column":null}},"21":{"start":{"line":70,"column":19},"end":{"line":73,"column":5}},"22":{"start":{"line":70,"column":54},"end":{"line":73,"column":5}},"23":{"start":{"line":74,"column":31},"end":{"line":79,"column":null}},"24":{"start":{"line":80,"column":2},"end":{"line":80,"column":null}},"25":{"start":{"line":81,"column":2},"end":{"line":81,"column":null}},"26":{"start":{"line":84,"column":81},"end":{"line":111,"column":null}}},"fnMap":{"0":{"name":"getRegistry","decl":{"start":{"line":13,"column":15},"end":{"line":13,"column":29}},"loc":{"start":{"line":13,"column":29},"end":{"line":15,"column":null}},"line":13},"1":{"name":"runHelp","decl":{"start":{"line":18,"column":15},"end":{"line":18,"column":null}},"loc":{"start":{"line":20,"column":58},"end":{"line":81,"column":null}},"line":20},"2":{"name":"(anonymous_2)","decl":{"start":{"line":26,"column":44},"end":{"line":26,"column":49}},"loc":{"start":{"line":26,"column":56},"end":{"line":29,"column":7}},"line":26},"3":{"name":"(anonymous_3)","decl":{"start":{"line":48,"column":50},"end":{"line":48,"column":55}},"loc":{"start":{"line":48,"column":62},"end":{"line":51,"column":11}},"line":48},"4":{"name":"(anonymous_4)","decl":{"start":{"line":70,"column":42},"end":{"line":70,"column":47}},"loc":{"start":{"line":70,"column":54},"end":{"line":73,"column":5}},"line":70}},"branchMap":{"0":{"loc":{"start":{"line":25,"column":2},"end":{"line":37,"column":null}},"type":"if","locations":[{"start":{"line":25,"column":2},"end":{"line":37,"column":null}},{"start":{},"end":{}}],"line":25},"1":{"loc":{"start":{"line":42,"column":2},"end":{"line":66,"column":null}},"type":"if","locations":[{"start":{"line":42,"column":2},"end":{"line":66,"column":null}},{"start":{},"end":{}}],"line":42},"2":{"loc":{"start":{"line":45,"column":4},"end":{"line":52,"column":null}},"type":"if","locations":[{"start":{"line":45,"column":4},"end":{"line":52,"column":null}},{"start":{},"end":{}}],"line":45},"3":{"loc":{"start":{"line":63,"column":10},"end":{"line":63,"column":null}},"type":"cond-expr","locations":[{"start":{"line":63,"column":24},"end":{"line":63,"column":39}},{"start":{"line":63,"column":42},"end":{"line":63,"column":null}}],"line":63}},"s":{"0":3,"1":7,"2":7,"3":7,"4":7,"5":7,"6":3,"7":6,"8":3,"9":3,"10":3,"11":4,"12":4,"13":3,"14":2,"15":2,"16":2,"17":12,"18":3,"19":3,"20":3,"21":1,"22":2,"23":1,"24":1,"25":1,"26":3},"f":{"0":7,"1":7,"2":6,"3":12,"4":2},"b":{"0":[3,4],"1":[3,1],"2":[2,1],"3":[2,1]},"meta":{"lastBranch":4,"lastFunction":5,"lastStatement":27,"seen":{"s:10:16:10:Infinity":0,"f:13:15:13:29":0,"s:14:23:14:Infinity":1,"s:15:2:15:Infinity":2,"f:18:15:18:Infinity":1,"s:21:25:21:Infinity":3,"s:22:19:22:38":4,"b:25:2:37:Infinity:undefined:undefined:undefined:undefined":0,"s:25:2:37:Infinity":5,"s:26:21:29:7":6,"f:26:44:26:49":2,"s:26:56:29:7":7,"s:30:33:35:Infinity":8,"s:36:4:36:Infinity":9,"s:37:4:37:Infinity":10,"s:41:15:41:39":11,"b:42:2:66:Infinity:undefined:undefined:undefined:undefined":1,"s:42:2:66:Infinity":12,"b:45:4:52:Infinity:undefined:undefined:undefined:undefined":2,"s:45:4:52:Infinity":13,"s:46:6:52:Infinity":14,"s:47:36:47:Infinity":15,"s:48:8:51:Infinity":16,"f:48:50:48:55":3,"s:48:62:51:11":17,"s:57:38:64:Infinity":18,"b:63:24:63:39:63:42:63:Infinity":3,"s:65:4:65:Infinity":19,"s:66:4:66:Infinity":20,"s:70:19:73:5":21,"f:70:42:70:47":4,"s:70:54:73:5":22,"s:74:31:79:Infinity":23,"s:80:2:80:Infinity":24,"s:81:2:81:Infinity":25,"s:84:81:111:Infinity":26}}}
,"/Users/isolomatov/Sources/GAIN/rosetta/rosettify/src/commands/plan/core.ts": {"path":"/Users/isolomatov/Sources/GAIN/rosetta/rosettify/src/commands/plan/core.ts","statementMap":{"0":{"start":{"line":16,"column":30},"end":{"line":22,"column":null}},"1":{"start":{"line":158,"column":2},"end":{"line":159,"column":null}},"2":{"start":{"line":159,"column":4},"end":{"line":159,"column":null}},"3":{"start":{"line":161,"column":2},"end":{"line":162,"column":null}},"4":{"start":{"line":162,"column":4},"end":{"line":162,"column":null}},"5":{"start":{"line":164,"column":42},"end":{"line":164,"column":67}},"6":{"start":{"line":165,"column":2},"end":{"line":172,"column":null}},"7":{"start":{"line":166,"column":4},"end":{"line":172,"column":null}},"8":{"start":{"line":167,"column":6},"end":{"line":167,"column":null}},"9":{"start":{"line":169,"column":6},"end":{"line":172,"column":null}},"10":{"start":{"line":175,"column":2},"end":{"line":175,"column":null}},"11":{"start":{"line":184,"column":17},"end":{"line":184,"column":30}},"12":{"start":{"line":185,"column":2},"end":{"line":194,"column":null}},"13":{"start":{"line":186,"column":4},"end":{"line":186,"column":null}},"14":{"start":{"line":186,"column":22},"end":{"line":186,"column":null}},"15":{"start":{"line":187,"column":16},"end":{"line":187,"column":64}},"16":{"start":{"line":187,"column":40},"end":{"line":187,"column":64}},"17":{"start":{"line":188,"column":4},"end":{"line":194,"column":null}},"18":{"start":{"line":189,"column":6},"end":{"line":192,"column":null}},"19":{"start":{"line":194,"column":6},"end":{"line":194,"column":null}},"20":{"start":{"line":197,"column":2},"end":{"line":197,"column":null}},"21":{"start":{"line":205,"column":2},"end":{"line":205,"column":null}},"22":{"start":{"line":205,"column":24},"end":{"line":205,"column":null}},"23":{"start":{"line":206,"column":2},"end":{"line":206,"column":null}},"24":{"start":{"line":206,"column":28},"end":{"line":206,"column":45}},"25":{"start":{"line":206,"column":47},"end":{"line":206,"column":null}},"26":{"start":{"line":207,"column":2},"end":{"line":207,"column":null}},"27":{"start":{"line":207,"column":27},"end":{"line":207,"column":42}},"28":{"start":{"line":207,"column":44},"end":{"line":207,"column":null}},"29":{"start":{"line":208,"column":2},"end":{"line":208,"column":null}},"30":{"start":{"line":208,"column":27},"end":{"line":208,"column":43}},"31":{"start":{"line":208,"column":45},"end":{"line":208,"column":null}},"32":{"start":{"line":209,"column":2},"end":{"line":210,"column":null}},"33":{"start":{"line":209,"column":27},"end":{"line":209,"column":67}},"34":{"start":{"line":210,"column":4},"end":{"line":210,"column":null}},"35":{"start":{"line":211,"column":2},"end":{"line":211,"column":null}},"36":{"start":{"line":215,"column":2},"end":{"line":218,"column":null}},"37":{"start":{"line":216,"column":10},"end":{"line":216,"column":75}},"38":{"start":{"line":216,"column":56},"end":{"line":216,"column":75}},"39":{"start":{"line":217,"column":4},"end":{"line":218,"column":null}},"40":{"start":{"line":218,"column":6},"end":{"line":218,"column":null}},"41":{"start":{"line":221,"column":8},"end":{"line":221,"column":74}},"42":{"start":{"line":221,"column":55},"end":{"line":221,"column":74}},"43":{"start":{"line":222,"column":2},"end":{"line":223,"column":null}},"44":{"start":{"line":223,"column":4},"end":{"line":223,"column":null}},"45":{"start":{"line":228,"column":2},"end":{"line":228,"column":null}},"46":{"start":{"line":228,"column":33},"end":{"line":228,"column":45}},"47":{"start":{"line":235,"column":2},"end":{"line":237,"column":null}},"48":{"start":{"line":236,"column":17},"end":{"line":236,"column":53}},"49":{"start":{"line":236,"column":41},"end":{"line":236,"column":53}},"50":{"start":{"line":237,"column":4},"end":{"line":237,"column":null}},"51":{"start":{"line":237,"column":14},"end":{"line":237,"column":null}},"52":{"start":{"line":239,"column":2},"end":{"line":239,"column":null}},"53":{"start":{"line":243,"column":12},"end":{"line":243,"column":37}},"54":{"start":{"line":244,"column":2},"end":{"line":246,"column":null}},"55":{"start":{"line":245,"column":4},"end":{"line":246,"column":null}},"56":{"start":{"line":246,"column":6},"end":{"line":246,"column":null}},"57":{"start":{"line":246,"column":19},"end":{"line":246,"column":null}},"58":{"start":{"line":249,"column":2},"end":{"line":249,"column":null}},"59":{"start":{"line":253,"column":12},"end":{"line":253,"column":37}},"60":{"start":{"line":254,"column":2},"end":{"line":255,"column":null}},"61":{"start":{"line":255,"column":4},"end":{"line":255,"column":null}},"62":{"start":{"line":255,"column":18},"end":{"line":255,"column":null}},"63":{"start":{"line":257,"column":2},"end":{"line":257,"column":null}},"64":{"start":{"line":264,"column":2},"end":{"line":264,"column":null}},"65":{"start":{"line":264,"column":46},"end":{"line":264,"column":78}},"66":{"start":{"line":272,"column":2},"end":{"line":272,"column":null}},"67":{"start":{"line":272,"column":29},"end":{"line":272,"column":null}},"68":{"start":{"line":273,"column":2},"end":{"line":273,"column":null}},"69":{"start":{"line":273,"column":42},"end":{"line":273,"column":null}},"70":{"start":{"line":274,"column":2},"end":{"line":274,"column":null}},"71":{"start":{"line":278,"column":2},"end":{"line":278,"column":null}},"72":{"start":{"line":278,"column":17},"end":{"line":278,"column":null}},"73":{"start":{"line":279,"column":2},"end":{"line":279,"column":null}},"74":{"start":{"line":286,"column":2},"end":{"line":286,"column":null}},"75":{"start":{"line":286,"column":53},"end":{"line":286,"column":null}},"76":{"start":{"line":287,"column":2},"end":{"line":287,"column":null}},"77":{"start":{"line":291,"column":15},"end":{"line":291,"column":32}},"78":{"start":{"line":292,"column":2},"end":{"line":300,"column":null}},"79":{"start":{"line":293,"column":4},"end":{"line":295,"column":null}},"80":{"start":{"line":294,"column":6},"end":{"line":294,"column":null}},"81":{"start":{"line":294,"column":30},"end":{"line":294,"column":null}},"82":{"start":{"line":295,"column":6},"end":{"line":295,"column":null}},"83":{"start":{"line":297,"column":4},"end":{"line":300,"column":null}},"84":{"start":{"line":298,"column":6},"end":{"line":300,"column":null}},"85":{"start":{"line":299,"column":8},"end":{"line":299,"column":null}},"86":{"start":{"line":299,"column":31},"end":{"line":299,"column":null}},"87":{"start":{"line":300,"column":8},"end":{"line":300,"column":null}},"88":{"start":{"line":304,"column":2},"end":{"line":304,"column":null}},"89":{"start":{"line":310,"column":18},"end":{"line":310,"column":35}},"90":{"start":{"line":311,"column":18},"end":{"line":311,"column":35}},"91":{"start":{"line":314,"column":4},"end":{"line":314,"column":null}},"92":{"start":{"line":315,"column":4},"end":{"line":315,"column":null}},"93":{"start":{"line":316,"column":4},"end":{"line":320,"column":null}},"94":{"start":{"line":317,"column":6},"end":{"line":320,"column":null}},"95":{"start":{"line":318,"column":8},"end":{"line":318,"column":null}},"96":{"start":{"line":318,"column":27},"end":{"line":318,"column":null}},"97":{"start":{"line":319,"column":17},"end":{"line":320,"column":null}},"98":{"start":{"line":320,"column":8},"end":{"line":320,"column":null}},"99":{"start":{"line":323,"column":4},"end":{"line":323,"column":null}},"100":{"start":{"line":324,"column":4},"end":{"line":324,"column":null}},"101":{"start":{"line":327,"column":2},"end":{"line":329,"column":null}},"102":{"start":{"line":328,"column":4},"end":{"line":329,"column":null}},"103":{"start":{"line":329,"column":6},"end":{"line":329,"column":null}},"104":{"start":{"line":329,"column":21},"end":{"line":329,"column":null}},"105":{"start":{"line":332,"column":2},"end":{"line":332,"column":null}},"106":{"start":{"line":336,"column":17},"end":{"line":336,"column":34}},"107":{"start":{"line":337,"column":2},"end":{"line":340,"column":null}},"108":{"start":{"line":338,"column":4},"end":{"line":338,"column":null}},"109":{"start":{"line":338,"column":18},"end":{"line":338,"column":null}},"110":{"start":{"line":339,"column":4},"end":{"line":340,"column":null}},"111":{"start":{"line":340,"column":6},"end":{"line":340,"column":null}},"112":{"start":{"line":340,"column":19},"end":{"line":340,"column":null}},"113":{"start":{"line":345,"column":21},"end":{"line":345,"column":48}},"114":{"start":{"line":346,"column":2},"end":{"line":351,"column":null}},"115":{"start":{"line":347,"column":4},"end":{"line":347,"column":null}},"116":{"start":{"line":347,"column":19},"end":{"line":347,"column":null}},"117":{"start":{"line":348,"column":4},"end":{"line":348,"column":null}},"118":{"start":{"line":349,"column":4},"end":{"line":351,"column":null}},"119":{"start":{"line":350,"column":6},"end":{"line":350,"column":null}},"120":{"start":{"line":350,"column":28},"end":{"line":350,"column":null}},"121":{"start":{"line":351,"column":6},"end":{"line":351,"column":null}},"122":{"start":{"line":355,"column":21},"end":{"line":355,"column":44}},"123":{"start":{"line":356,"column":2},"end":{"line":356,"column":null}},"124":{"start":{"line":356,"column":18},"end":{"line":356,"column":null}},"125":{"start":{"line":359,"column":20},"end":{"line":359,"column":47}},"126":{"start":{"line":360,"column":2},"end":{"line":366,"column":null}},"127":{"start":{"line":361,"column":4},"end":{"line":366,"column":null}},"128":{"start":{"line":362,"column":6},"end":{"line":362,"column":null}},"129":{"start":{"line":362,"column":20},"end":{"line":362,"column":null}},"130":{"start":{"line":363,"column":6},"end":{"line":363,"column":null}},"131":{"start":{"line":364,"column":6},"end":{"line":366,"column":null}},"132":{"start":{"line":365,"column":8},"end":{"line":365,"column":null}},"133":{"start":{"line":365,"column":30},"end":{"line":365,"column":null}},"134":{"start":{"line":366,"column":8},"end":{"line":366,"column":null}},"135":{"start":{"line":371,"column":2},"end":{"line":371,"column":null}},"136":{"start":{"line":375,"column":2},"end":{"line":375,"column":null}},"137":{"start":{"line":375,"column":52},"end":{"line":375,"column":null}},"138":{"start":{"line":377,"column":2},"end":{"line":378,"column":null}},"139":{"start":{"line":378,"column":4},"end":{"line":378,"column":null}},"140":{"start":{"line":381,"column":4},"end":{"line":382,"column":null}},"141":{"start":{"line":382,"column":6},"end":{"line":382,"column":null}},"142":{"start":{"line":383,"column":4},"end":{"line":383,"column":null}},"143":{"start":{"line":387,"column":4},"end":{"line":389,"column":null}},"144":{"start":{"line":388,"column":6},"end":{"line":388,"column":null}},"145":{"start":{"line":388,"column":35},"end":{"line":388,"column":null}},"146":{"start":{"line":389,"column":6},"end":{"line":389,"column":null}},"147":{"start":{"line":391,"column":4},"end":{"line":396,"column":null}},"148":{"start":{"line":392,"column":6},"end":{"line":394,"column":null}},"149":{"start":{"line":393,"column":18},"end":{"line":393,"column":32}},"150":{"start":{"line":394,"column":8},"end":{"line":394,"column":null}},"151":{"start":{"line":394,"column":15},"end":{"line":394,"column":null}},"152":{"start":{"line":396,"column":6},"end":{"line":396,"column":null}},"153":{"start":{"line":398,"column":4},"end":{"line":401,"column":null}},"154":{"start":{"line":399,"column":6},"end":{"line":399,"column":null}},"155":{"start":{"line":399,"column":35},"end":{"line":399,"column":null}},"156":{"start":{"line":400,"column":16},"end":{"line":400,"column":29}},"157":{"start":{"line":401,"column":6},"end":{"line":401,"column":null}},"158":{"start":{"line":401,"column":13},"end":{"line":401,"column":null}},"159":{"start":{"line":403,"column":4},"end":{"line":403,"column":null}},"160":{"start":{"line":406,"column":2},"end":{"line":419,"column":null}},"161":{"start":{"line":407,"column":4},"end":{"line":408,"column":null}},"162":{"start":{"line":408,"column":6},"end":{"line":408,"column":null}},"163":{"start":{"line":409,"column":4},"end":{"line":410,"column":null}},"164":{"start":{"line":410,"column":6},"end":{"line":410,"column":null}},"165":{"start":{"line":412,"column":23},"end":{"line":412,"column":38}},"166":{"start":{"line":413,"column":4},"end":{"line":413,"column":null}},"167":{"start":{"line":413,"column":20},"end":{"line":413,"column":null}},"168":{"start":{"line":415,"column":4},"end":{"line":419,"column":null}},"169":{"start":{"line":416,"column":6},"end":{"line":417,"column":null}},"170":{"start":{"line":417,"column":8},"end":{"line":417,"column":null}},"171":{"start":{"line":418,"column":24},"end":{"line":418,"column":38}},"172":{"start":{"line":419,"column":6},"end":{"line":419,"column":null}},"173":{"start":{"line":419,"column":21},"end":{"line":419,"column":null}},"174":{"start":{"line":423,"column":2},"end":{"line":423,"column":null}},"175":{"start":{"line":431,"column":2},"end":{"line":431,"column":null}},"176":{"start":{"line":431,"column":28},"end":{"line":431,"column":null}},"177":{"start":{"line":432,"column":2},"end":{"line":432,"column":null}},"178":{"start":{"line":436,"column":14},"end":{"line":436,"column":32}},"179":{"start":{"line":437,"column":2},"end":{"line":437,"column":null}},"180":{"start":{"line":438,"column":2},"end":{"line":438,"column":null}},"181":{"start":{"line":439,"column":2},"end":{"line":439,"column":null}}},"fnMap":{"0":{"name":"mergePatch","decl":{"start":{"line":154,"column":16},"end":{"line":154,"column":null}},"loc":{"start":{"line":157,"column":27},"end":{"line":175,"column":null}},"line":157},"1":{"name":"mergeById","decl":{"start":{"line":180,"column":16},"end":{"line":180,"column":null}},"loc":{"start":{"line":183,"column":22},"end":{"line":197,"column":null}},"line":183},"2":{"name":"(anonymous_2)","decl":{"start":{"line":187,"column":23},"end":{"line":187,"column":34}},"loc":{"start":{"line":187,"column":40},"end":{"line":187,"column":64}},"line":187},"3":{"name":"computeStatusFromChildren","decl":{"start":{"line":204,"column":16},"end":{"line":204,"column":42}},"loc":{"start":{"line":204,"column":70},"end":{"line":211,"column":null}},"line":204},"4":{"name":"(anonymous_4)","decl":{"start":{"line":206,"column":15},"end":{"line":206,"column":22}},"loc":{"start":{"line":206,"column":28},"end":{"line":206,"column":45}},"line":206},"5":{"name":"(anonymous_5)","decl":{"start":{"line":207,"column":15},"end":{"line":207,"column":21}},"loc":{"start":{"line":207,"column":27},"end":{"line":207,"column":42}},"line":207},"6":{"name":"(anonymous_6)","decl":{"start":{"line":208,"column":15},"end":{"line":208,"column":21}},"loc":{"start":{"line":208,"column":27},"end":{"line":208,"column":43}},"line":208},"7":{"name":"(anonymous_7)","decl":{"start":{"line":209,"column":15},"end":{"line":209,"column":21}},"loc":{"start":{"line":209,"column":27},"end":{"line":209,"column":67}},"line":209},"8":{"name":"propagateStatuses","decl":{"start":{"line":214,"column":16},"end":{"line":214,"column":34}},"loc":{"start":{"line":214,"column":52},"end":{"line":223,"column":null}},"line":214},"9":{"name":"(anonymous_9)","decl":{"start":{"line":216,"column":45},"end":{"line":216,"column":50}},"loc":{"start":{"line":216,"column":56},"end":{"line":216,"column":75}},"line":216},"10":{"name":"(anonymous_10)","decl":{"start":{"line":221,"column":44},"end":{"line":221,"column":49}},"loc":{"start":{"line":221,"column":55},"end":{"line":221,"column":74}},"line":221},"11":{"name":"findPhase","decl":{"start":{"line":227,"column":16},"end":{"line":227,"column":26}},"loc":{"start":{"line":227,"column":69},"end":{"line":228,"column":null}},"line":227},"12":{"name":"(anonymous_12)","decl":{"start":{"line":228,"column":21},"end":{"line":228,"column":27}},"loc":{"start":{"line":228,"column":33},"end":{"line":228,"column":45}},"line":228},"13":{"name":"findStep","decl":{"start":{"line":231,"column":16},"end":{"line":231,"column":null}},"loc":{"start":{"line":234,"column":44},"end":{"line":239,"column":null}},"line":234},"14":{"name":"(anonymous_14)","decl":{"start":{"line":236,"column":29},"end":{"line":236,"column":35}},"loc":{"start":{"line":236,"column":41},"end":{"line":236,"column":53}},"line":236},"15":{"name":"buildStepStatusMap","decl":{"start":{"line":242,"column":16},"end":{"line":242,"column":35}},"loc":{"start":{"line":242,"column":68},"end":{"line":249,"column":null}},"line":242},"16":{"name":"buildPhaseStatusMap","decl":{"start":{"line":252,"column":16},"end":{"line":252,"column":36}},"loc":{"start":{"line":252,"column":69},"end":{"line":257,"column":null}},"line":252},"17":{"name":"depsSatisfied","decl":{"start":{"line":260,"column":16},"end":{"line":260,"column":null}},"loc":{"start":{"line":263,"column":11},"end":{"line":264,"column":null}},"line":263},"18":{"name":"(anonymous_18)","decl":{"start":{"line":264,"column":33},"end":{"line":264,"column":40}},"loc":{"start":{"line":264,"column":46},"end":{"line":264,"column":78}},"line":264},"19":{"name":"validatePlanName","decl":{"start":{"line":271,"column":16},"end":{"line":271,"column":33}},"loc":{"start":{"line":271,"column":62},"end":{"line":274,"column":null}},"line":271},"20":{"name":"validateNonNegativeLimit","decl":{"start":{"line":277,"column":16},"end":{"line":277,"column":41}},"loc":{"start":{"line":277,"column":71},"end":{"line":279,"column":null}},"line":277},"21":{"name":"validateImmutableId","decl":{"start":{"line":282,"column":16},"end":{"line":282,"column":null}},"loc":{"start":{"line":285,"column":17},"end":{"line":287,"column":null}},"line":285},"22":{"name":"validateUniqueIds","decl":{"start":{"line":290,"column":16},"end":{"line":290,"column":34}},"loc":{"start":{"line":290,"column":61},"end":{"line":304,"column":null}},"line":290},"23":{"name":"detectCycle","decl":{"start":{"line":307,"column":16},"end":{"line":307,"column":null}},"loc":{"start":{"line":309,"column":17},"end":{"line":332,"column":null}},"line":309},"24":{"name":"dfs","decl":{"start":{"line":313,"column":11},"end":{"line":313,"column":15}},"loc":{"start":{"line":313,"column":38},"end":{"line":324,"column":null}},"line":313},"25":{"name":"validateDependencies","decl":{"start":{"line":335,"column":16},"end":{"line":335,"column":37}},"loc":{"start":{"line":335,"column":64},"end":{"line":371,"column":null}},"line":335},"26":{"name":"validateSizeLimits","decl":{"start":{"line":374,"column":16},"end":{"line":374,"column":35}},"loc":{"start":{"line":374,"column":62},"end":{"line":423,"column":null}},"line":374},"27":{"name":"checkStringLength","decl":{"start":{"line":380,"column":11},"end":{"line":380,"column":29}},"loc":{"start":{"line":380,"column":54},"end":{"line":383,"column":null}},"line":380},"28":{"name":"checkObj","decl":{"start":{"line":386,"column":11},"end":{"line":386,"column":20}},"loc":{"start":{"line":386,"column":49},"end":{"line":403,"column":null}},"line":386},"29":{"name":"loadPlan","decl":{"start":{"line":430,"column":16},"end":{"line":430,"column":25}},"loc":{"start":{"line":430,"column":52},"end":{"line":432,"column":null}},"line":430},"30":{"name":"savePlan","decl":{"start":{"line":435,"column":16},"end":{"line":435,"column":25}},"loc":{"start":{"line":435,"column":57},"end":{"line":439,"column":null}},"line":435}},"branchMap":{"0":{"loc":{"start":{"line":158,"column":2},"end":{"line":159,"column":null}},"type":"if","locations":[{"start":{"line":158,"column":2},"end":{"line":159,"column":null}},{"start":{},"end":{}}],"line":158},"1":{"loc":{"start":{"line":158,"column":6},"end":{"line":158,"column":73}},"type":"binary-expr","locations":[{"start":{"line":158,"column":6},"end":{"line":158,"column":35}},{"start":{"line":158,"column":35},"end":{"line":158,"column":53}},{"start":{"line":158,"column":53},"end":{"line":158,"column":73}}],"line":158},"2":{"loc":{"start":{"line":161,"column":2},"end":{"line":162,"column":null}},"type":"if","locations":[{"start":{"line":161,"column":2},"end":{"line":162,"column":null}},{"start":{},"end":{}}],"line":161},"3":{"loc":{"start":{"line":161,"column":6},"end":{"line":161,"column":76}},"type":"binary-expr","locations":[{"start":{"line":161,"column":6},"end":{"line":161,"column":36}},{"start":{"line":161,"column":36},"end":{"line":161,"column":55}},{"start":{"line":161,"column":55},"end":{"line":161,"column":76}}],"line":161},"4":{"loc":{"start":{"line":166,"column":4},"end":{"line":172,"column":null}},"type":"if","locations":[{"start":{"line":166,"column":4},"end":{"line":172,"column":null}},{"start":{"line":168,"column":11},"end":{"line":172,"column":null}}],"line":166},"5":{"loc":{"start":{"line":170,"column":9},"end":{"line":170,"column":54}},"type":"binary-expr","locations":[{"start":{"line":170,"column":9},"end":{"line":170,"column":52}},{"start":{"line":170,"column":52},"end":{"line":170,"column":54}}],"line":170},"6":{"loc":{"start":{"line":186,"column":4},"end":{"line":186,"column":null}},"type":"if","locations":[{"start":{"line":186,"column":4},"end":{"line":186,"column":null}},{"start":{},"end":{}}],"line":186},"7":{"loc":{"start":{"line":188,"column":4},"end":{"line":194,"column":null}},"type":"if","locations":[{"start":{"line":188,"column":4},"end":{"line":194,"column":null}},{"start":{"line":193,"column":11},"end":{"line":194,"column":null}}],"line":188},"8":{"loc":{"start":{"line":205,"column":2},"end":{"line":205,"column":null}},"type":"if","locations":[{"start":{"line":205,"column":2},"end":{"line":205,"column":null}},{"start":{},"end":{}}],"line":205},"9":{"loc":{"start":{"line":206,"column":2},"end":{"line":206,"column":null}},"type":"if","locations":[{"start":{"line":206,"column":2},"end":{"line":206,"column":null}},{"start":{},"end":{}}],"line":206},"10":{"loc":{"start":{"line":207,"column":2},"end":{"line":207,"column":null}},"type":"if","locations":[{"start":{"line":207,"column":2},"end":{"line":207,"column":null}},{"start":{},"end":{}}],"line":207},"11":{"loc":{"start":{"line":208,"column":2},"end":{"line":208,"column":null}},"type":"if","locations":[{"start":{"line":208,"column":2},"end":{"line":208,"column":null}},{"start":{},"end":{}}],"line":208},"12":{"loc":{"start":{"line":209,"column":2},"end":{"line":210,"column":null}},"type":"if","locations":[{"start":{"line":209,"column":2},"end":{"line":210,"column":null}},{"start":{},"end":{}}],"line":209},"13":{"loc":{"start":{"line":209,"column":27},"end":{"line":209,"column":67}},"type":"binary-expr","locations":[{"start":{"line":209,"column":27},"end":{"line":209,"column":50}},{"start":{"line":209,"column":50},"end":{"line":209,"column":67}}],"line":209},"14":{"loc":{"start":{"line":215,"column":22},"end":{"line":215,"column":39}},"type":"binary-expr","locations":[{"start":{"line":215,"column":22},"end":{"line":215,"column":37}},{"start":{"line":215,"column":37},"end":{"line":215,"column":39}}],"line":215},"15":{"loc":{"start":{"line":216,"column":26},"end":{"line":216,"column":43}},"type":"binary-expr","locations":[{"start":{"line":216,"column":26},"end":{"line":216,"column":41}},{"start":{"line":216,"column":41},"end":{"line":216,"column":43}}],"line":216},"16":{"loc":{"start":{"line":216,"column":56},"end":{"line":216,"column":75}},"type":"binary-expr","locations":[{"start":{"line":216,"column":56},"end":{"line":216,"column":68}},{"start":{"line":216,"column":68},"end":{"line":216,"column":75}}],"line":216},"17":{"loc":{"start":{"line":217,"column":4},"end":{"line":218,"column":null}},"type":"if","locations":[{"start":{"line":217,"column":4},"end":{"line":218,"column":null}},{"start":{},"end":{}}],"line":217},"18":{"loc":{"start":{"line":221,"column":25},"end":{"line":221,"column":42}},"type":"binary-expr","locations":[{"start":{"line":221,"column":25},"end":{"line":221,"column":40}},{"start":{"line":221,"column":40},"end":{"line":221,"column":42}}],"line":221},"19":{"loc":{"start":{"line":221,"column":55},"end":{"line":221,"column":74}},"type":"binary-expr","locations":[{"start":{"line":221,"column":55},"end":{"line":221,"column":67}},{"start":{"line":221,"column":67},"end":{"line":221,"column":74}}],"line":221},"20":{"loc":{"start":{"line":222,"column":2},"end":{"line":223,"column":null}},"type":"if","locations":[{"start":{"line":222,"column":2},"end":{"line":223,"column":null}},{"start":{},"end":{}}],"line":222},"21":{"loc":{"start":{"line":237,"column":4},"end":{"line":237,"column":null}},"type":"if","locations":[{"start":{"line":237,"column":4},"end":{"line":237,"column":null}},{"start":{},"end":{}}],"line":237},"22":{"loc":{"start":{"line":244,"column":22},"end":{"line":244,"column":39}},"type":"binary-expr","locations":[{"start":{"line":244,"column":22},"end":{"line":244,"column":37}},{"start":{"line":244,"column":37},"end":{"line":244,"column":39}}],"line":244},"23":{"loc":{"start":{"line":245,"column":23},"end":{"line":245,"column":40}},"type":"binary-expr","locations":[{"start":{"line":245,"column":23},"end":{"line":245,"column":38}},{"start":{"line":245,"column":38},"end":{"line":245,"column":40}}],"line":245},"24":{"loc":{"start":{"line":246,"column":6},"end":{"line":246,"column":null}},"type":"if","locations":[{"start":{"line":246,"column":6},"end":{"line":246,"column":null}},{"start":{},"end":{}}],"line":246},"25":{"loc":{"start":{"line":246,"column":34},"end":{"line":246,"column":56}},"type":"binary-expr","locations":[{"start":{"line":246,"column":34},"end":{"line":246,"column":49}},{"start":{"line":246,"column":49},"end":{"line":246,"column":56}}],"line":246},"26":{"loc":{"start":{"line":254,"column":22},"end":{"line":254,"column":39}},"type":"binary-expr","locations":[{"start":{"line":254,"column":22},"end":{"line":254,"column":37}},{"start":{"line":254,"column":37},"end":{"line":254,"column":39}}],"line":254},"27":{"loc":{"start":{"line":255,"column":4},"end":{"line":255,"column":null}},"type":"if","locations":[{"start":{"line":255,"column":4},"end":{"line":255,"column":null}},{"start":{},"end":{}}],"line":255},"28":{"loc":{"start":{"line":255,"column":34},"end":{"line":255,"column":57}},"type":"binary-expr","locations":[{"start":{"line":255,"column":34},"end":{"line":255,"column":50}},{"start":{"line":255,"column":50},"end":{"line":255,"column":57}}],"line":255},"29":{"loc":{"start":{"line":264,"column":10},"end":{"line":264,"column":31}},"type":"binary-expr","locations":[{"start":{"line":264,"column":10},"end":{"line":264,"column":29}},{"start":{"line":264,"column":29},"end":{"line":264,"column":31}}],"line":264},"30":{"loc":{"start":{"line":272,"column":2},"end":{"line":272,"column":null}},"type":"if","locations":[{"start":{"line":272,"column":2},"end":{"line":272,"column":null}},{"start":{},"end":{}}],"line":272},"31":{"loc":{"start":{"line":272,"column":6},"end":{"line":272,"column":27}},"type":"binary-expr","locations":[{"start":{"line":272,"column":6},"end":{"line":272,"column":15}},{"start":{"line":272,"column":15},"end":{"line":272,"column":27}}],"line":272},"32":{"loc":{"start":{"line":273,"column":2},"end":{"line":273,"column":null}},"type":"if","locations":[{"start":{"line":273,"column":2},"end":{"line":273,"column":null}},{"start":{},"end":{}}],"line":273},"33":{"loc":{"start":{"line":278,"column":2},"end":{"line":278,"column":null}},"type":"if","locations":[{"start":{"line":278,"column":2},"end":{"line":278,"column":null}},{"start":{},"end":{}}],"line":278},"34":{"loc":{"start":{"line":286,"column":2},"end":{"line":286,"column":null}},"type":"if","locations":[{"start":{"line":286,"column":2},"end":{"line":286,"column":null}},{"start":{},"end":{}}],"line":286},"35":{"loc":{"start":{"line":286,"column":6},"end":{"line":286,"column":53}},"type":"binary-expr","locations":[{"start":{"line":286,"column":6},"end":{"line":286,"column":31}},{"start":{"line":286,"column":31},"end":{"line":286,"column":53}}],"line":286},"36":{"loc":{"start":{"line":292,"column":22},"end":{"line":292,"column":39}},"type":"binary-expr","locations":[{"start":{"line":292,"column":22},"end":{"line":292,"column":37}},{"start":{"line":292,"column":37},"end":{"line":292,"column":39}}],"line":292},"37":{"loc":{"start":{"line":293,"column":4},"end":{"line":295,"column":null}},"type":"if","locations":[{"start":{"line":293,"column":4},"end":{"line":295,"column":null}},{"start":{},"end":{}}],"line":293},"38":{"loc":{"start":{"line":294,"column":6},"end":{"line":294,"column":null}},"type":"if","locations":[{"start":{"line":294,"column":6},"end":{"line":294,"column":null}},{"start":{},"end":{}}],"line":294},"39":{"loc":{"start":{"line":297,"column":23},"end":{"line":297,"column":40}},"type":"binary-expr","locations":[{"start":{"line":297,"column":23},"end":{"line":297,"column":38}},{"start":{"line":297,"column":38},"end":{"line":297,"column":40}}],"line":297},"40":{"loc":{"start":{"line":298,"column":6},"end":{"line":300,"column":null}},"type":"if","locations":[{"start":{"line":298,"column":6},"end":{"line":300,"column":null}},{"start":{},"end":{}}],"line":298},"41":{"loc":{"start":{"line":299,"column":8},"end":{"line":299,"column":null}},"type":"if","locations":[{"start":{"line":299,"column":8},"end":{"line":299,"column":null}},{"start":{},"end":{}}],"line":299},"42":{"loc":{"start":{"line":316,"column":27},"end":{"line":316,"column":48}},"type":"binary-expr","locations":[{"start":{"line":316,"column":27},"end":{"line":316,"column":42}},{"start":{"line":316,"column":46},"end":{"line":316,"column":48}}],"line":316},"43":{"loc":{"start":{"line":317,"column":6},"end":{"line":320,"column":null}},"type":"if","locations":[{"start":{"line":317,"column":6},"end":{"line":320,"column":null}},{"start":{"line":319,"column":17},"end":{"line":320,"column":null}}],"line":317},"44":{"loc":{"start":{"line":318,"column":8},"end":{"line":318,"column":null}},"type":"if","locations":[{"start":{"line":318,"column":8},"end":{"line":318,"column":null}},{"start":{},"end":{}}],"line":318},"45":{"loc":{"start":{"line":319,"column":17},"end":{"line":320,"column":null}},"type":"if","locations":[{"start":{"line":319,"column":17},"end":{"line":320,"column":null}},{"start":{},"end":{}}],"line":319},"46":{"loc":{"start":{"line":328,"column":4},"end":{"line":329,"column":null}},"type":"if","locations":[{"start":{"line":328,"column":4},"end":{"line":329,"column":null}},{"start":{},"end":{}}],"line":328},"47":{"loc":{"start":{"line":329,"column":6},"end":{"line":329,"column":null}},"type":"if","locations":[{"start":{"line":329,"column":6},"end":{"line":329,"column":null}},{"start":{},"end":{}}],"line":329},"48":{"loc":{"start":{"line":337,"column":22},"end":{"line":337,"column":39}},"type":"binary-expr","locations":[{"start":{"line":337,"column":22},"end":{"line":337,"column":37}},{"start":{"line":337,"column":37},"end":{"line":337,"column":39}}],"line":337},"49":{"loc":{"start":{"line":338,"column":4},"end":{"line":338,"column":null}},"type":"if","locations":[{"start":{"line":338,"column":4},"end":{"line":338,"column":null}},{"start":{},"end":{}}],"line":338},"50":{"loc":{"start":{"line":339,"column":23},"end":{"line":339,"column":40}},"type":"binary-expr","locations":[{"start":{"line":339,"column":23},"end":{"line":339,"column":38}},{"start":{"line":339,"column":38},"end":{"line":339,"column":40}}],"line":339},"51":{"loc":{"start":{"line":340,"column":6},"end":{"line":340,"column":null}},"type":"if","locations":[{"start":{"line":340,"column":6},"end":{"line":340,"column":null}},{"start":{},"end":{}}],"line":340},"52":{"loc":{"start":{"line":346,"column":22},"end":{"line":346,"column":39}},"type":"binary-expr","locations":[{"start":{"line":346,"column":22},"end":{"line":346,"column":37}},{"start":{"line":346,"column":37},"end":{"line":346,"column":39}}],"line":346},"53":{"loc":{"start":{"line":347,"column":4},"end":{"line":347,"column":null}},"type":"if","locations":[{"start":{"line":347,"column":4},"end":{"line":347,"column":null}},{"start":{},"end":{}}],"line":347},"54":{"loc":{"start":{"line":349,"column":22},"end":{"line":349,"column":44}},"type":"binary-expr","locations":[{"start":{"line":349,"column":22},"end":{"line":349,"column":42}},{"start":{"line":349,"column":42},"end":{"line":349,"column":44}}],"line":349},"55":{"loc":{"start":{"line":350,"column":6},"end":{"line":350,"column":null}},"type":"if","locations":[{"start":{"line":350,"column":6},"end":{"line":350,"column":null}},{"start":{},"end":{}}],"line":350},"56":{"loc":{"start":{"line":356,"column":2},"end":{"line":356,"column":null}},"type":"if","locations":[{"start":{"line":356,"column":2},"end":{"line":356,"column":null}},{"start":{},"end":{}}],"line":356},"57":{"loc":{"start":{"line":360,"column":22},"end":{"line":360,"column":39}},"type":"binary-expr","locations":[{"start":{"line":360,"column":22},"end":{"line":360,"column":37}},{"start":{"line":360,"column":37},"end":{"line":360,"column":39}}],"line":360},"58":{"loc":{"start":{"line":361,"column":23},"end":{"line":361,"column":40}},"type":"binary-expr","locations":[{"start":{"line":361,"column":23},"end":{"line":361,"column":38}},{"start":{"line":361,"column":38},"end":{"line":361,"column":40}}],"line":361},"59":{"loc":{"start":{"line":362,"column":6},"end":{"line":362,"column":null}},"type":"if","locations":[{"start":{"line":362,"column":6},"end":{"line":362,"column":null}},{"start":{},"end":{}}],"line":362},"60":{"loc":{"start":{"line":364,"column":24},"end":{"line":364,"column":45}},"type":"binary-expr","locations":[{"start":{"line":364,"column":24},"end":{"line":364,"column":43}},{"start":{"line":364,"column":43},"end":{"line":364,"column":45}}],"line":364},"61":{"loc":{"start":{"line":365,"column":8},"end":{"line":365,"column":null}},"type":"if","locations":[{"start":{"line":365,"column":8},"end":{"line":365,"column":null}},{"start":{},"end":{}}],"line":365},"62":{"loc":{"start":{"line":375,"column":2},"end":{"line":375,"column":null}},"type":"if","locations":[{"start":{"line":375,"column":2},"end":{"line":375,"column":null}},{"start":{},"end":{}}],"line":375},"63":{"loc":{"start":{"line":375,"column":7},"end":{"line":375,"column":24}},"type":"binary-expr","locations":[{"start":{"line":375,"column":7},"end":{"line":375,"column":22}},{"start":{"line":375,"column":22},"end":{"line":375,"column":24}}],"line":375},"64":{"loc":{"start":{"line":377,"column":2},"end":{"line":378,"column":null}},"type":"if","locations":[{"start":{"line":377,"column":2},"end":{"line":378,"column":null}},{"start":{},"end":{}}],"line":377},"65":{"loc":{"start":{"line":377,"column":6},"end":{"line":377,"column":null}},"type":"binary-expr","locations":[{"start":{"line":377,"column":6},"end":{"line":377,"column":19}},{"start":{"line":377,"column":19},"end":{"line":377,"column":null}}],"line":377},"66":{"loc":{"start":{"line":381,"column":4},"end":{"line":382,"column":null}},"type":"if","locations":[{"start":{"line":381,"column":4},"end":{"line":382,"column":null}},{"start":{},"end":{}}],"line":381},"67":{"loc":{"start":{"line":381,"column":8},"end":{"line":381,"column":null}},"type":"binary-expr","locations":[{"start":{"line":381,"column":8},"end":{"line":381,"column":37}},{"start":{"line":381,"column":37},"end":{"line":381,"column":null}}],"line":381},"68":{"loc":{"start":{"line":387,"column":4},"end":{"line":389,"column":null}},"type":"if","locations":[{"start":{"line":387,"column":4},"end":{"line":389,"column":null}},{"start":{},"end":{}}],"line":387},"69":{"loc":{"start":{"line":387,"column":8},"end":{"line":387,"column":49}},"type":"binary-expr","locations":[{"start":{"line":387,"column":8},"end":{"line":387,"column":35}},{"start":{"line":387,"column":35},"end":{"line":387,"column":49}}],"line":387},"70":{"loc":{"start":{"line":388,"column":6},"end":{"line":388,"column":null}},"type":"if","locations":[{"start":{"line":388,"column":6},"end":{"line":388,"column":null}},{"start":{},"end":{}}],"line":388},"71":{"loc":{"start":{"line":391,"column":4},"end":{"line":396,"column":null}},"type":"if","locations":[{"start":{"line":391,"column":4},"end":{"line":396,"column":null}},{"start":{},"end":{}}],"line":391},"72":{"loc":{"start":{"line":394,"column":8},"end":{"line":394,"column":null}},"type":"if","locations":[{"start":{"line":394,"column":8},"end":{"line":394,"column":null}},{"start":{},"end":{}}],"line":394},"73":{"loc":{"start":{"line":399,"column":6},"end":{"line":399,"column":null}},"type":"if","locations":[{"start":{"line":399,"column":6},"end":{"line":399,"column":null}},{"start":{},"end":{}}],"line":399},"74":{"loc":{"start":{"line":401,"column":6},"end":{"line":401,"column":null}},"type":"if","locations":[{"start":{"line":401,"column":6},"end":{"line":401,"column":null}},{"start":{},"end":{}}],"line":401},"75":{"loc":{"start":{"line":406,"column":22},"end":{"line":406,"column":39}},"type":"binary-expr","locations":[{"start":{"line":406,"column":22},"end":{"line":406,"column":37}},{"start":{"line":406,"column":37},"end":{"line":406,"column":39}}],"line":406},"76":{"loc":{"start":{"line":407,"column":4},"end":{"line":408,"column":null}},"type":"if","locations":[{"start":{"line":407,"column":4},"end":{"line":408,"column":null}},{"start":{},"end":{}}],"line":407},"77":{"loc":{"start":{"line":407,"column":9},"end":{"line":407,"column":26}},"type":"binary-expr","locations":[{"start":{"line":407,"column":9},"end":{"line":407,"column":24}},{"start":{"line":407,"column":24},"end":{"line":407,"column":26}}],"line":407},"78":{"loc":{"start":{"line":409,"column":4},"end":{"line":410,"column":null}},"type":"if","locations":[{"start":{"line":409,"column":4},"end":{"line":410,"column":null}},{"start":{},"end":{}}],"line":409},"79":{"loc":{"start":{"line":409,"column":9},"end":{"line":409,"column":31}},"type":"binary-expr","locations":[{"start":{"line":409,"column":9},"end":{"line":409,"column":29}},{"start":{"line":409,"column":29},"end":{"line":409,"column":31}}],"line":409},"80":{"loc":{"start":{"line":413,"column":4},"end":{"line":413,"column":null}},"type":"if","locations":[{"start":{"line":413,"column":4},"end":{"line":413,"column":null}},{"start":{},"end":{}}],"line":413},"81":{"loc":{"start":{"line":415,"column":23},"end":{"line":415,"column":40}},"type":"binary-expr","locations":[{"start":{"line":415,"column":23},"end":{"line":415,"column":38}},{"start":{"line":415,"column":38},"end":{"line":415,"column":40}}],"line":415},"82":{"loc":{"start":{"line":416,"column":6},"end":{"line":417,"column":null}},"type":"if","locations":[{"start":{"line":416,"column":6},"end":{"line":417,"column":null}},{"start":{},"end":{}}],"line":416},"83":{"loc":{"start":{"line":416,"column":11},"end":{"line":416,"column":32}},"type":"binary-expr","locations":[{"start":{"line":416,"column":11},"end":{"line":416,"column":30}},{"start":{"line":416,"column":30},"end":{"line":416,"column":32}}],"line":416},"84":{"loc":{"start":{"line":419,"column":6},"end":{"line":419,"column":null}},"type":"if","locations":[{"start":{"line":419,"column":6},"end":{"line":419,"column":null}},{"start":{},"end":{}}],"line":419},"85":{"loc":{"start":{"line":431,"column":2},"end":{"line":431,"column":null}},"type":"if","locations":[{"start":{"line":431,"column":2},"end":{"line":431,"column":null}},{"start":{},"end":{}}],"line":431}},"s":{"0":11,"1":38,"2":20,"3":18,"4":1,"5":18,"6":18,"7":21,"8":1,"9":20,"10":18,"11":5,"12":5,"13":5,"14":1,"15":4,"16":4,"17":4,"18":3,"19":1,"20":4,"21":81,"22":1,"23":80,"24":90,"25":7,"26":73,"27":117,"28":5,"29":68,"30":109,"31":3,"32":65,"33":93,"34":13,"35":52,"36":37,"37":50,"38":70,"39":50,"40":47,"41":37,"42":50,"43":37,"44":27,"45":27,"46":45,"47":29,"48":39,"49":50,"50":39,"51":19,"52":10,"53":26,"54":26,"55":33,"56":55,"57":55,"58":26,"59":3,"60":3,"61":3,"62":3,"63":3,"64":33,"65":9,"66":5,"67":2,"68":3,"69":2,"70":1,"71":3,"72":1,"73":2,"74":14,"75":2,"76":12,"77":31,"78":31,"79":33,"80":33,"81":0,"82":33,"83":33,"84":44,"85":44,"86":2,"87":42,"88":29,"89":66,"90":66,"91":84,"92":84,"93":84,"94":46,"95":3,"96":1,"97":43,"98":3,"99":80,"100":80,"101":66,"102":83,"103":81,"104":3,"105":63,"106":33,"107":33,"108":37,"109":36,"110":37,"111":45,"112":44,"113":33,"114":33,"115":37,"116":1,"117":36,"118":36,"119":15,"120":0,"121":15,"122":33,"123":33,"124":2,"125":31,"126":31,"127":34,"128":43,"129":1,"130":42,"131":42,"132":26,"133":2,"134":24,"135":29,"136":35,"137":1,"138":34,"139":1,"140":2628,"141":2,"142":2626,"143":1814,"144":1194,"145":1,"146":1193,"147":620,"148":350,"149":205,"150":205,"151":2,"152":348,"153":270,"154":1434,"155":1,"156":1433,"157":1433,"158":3,"159":266,"160":33,"161":87,"162":1,"163":86,"164":1,"165":85,"166":85,"167":2,"168":83,"169":92,"170":1,"171":91,"172":91,"173":0,"174":28,"175":125,"176":6,"177":119,"178":107,"179":107,"180":107,"181":107},"f":{"0":38,"1":5,"2":4,"3":81,"4":90,"5":117,"6":109,"7":93,"8":37,"9":70,"10":50,"11":27,"12":45,"13":29,"14":50,"15":26,"16":3,"17":33,"18":9,"19":5,"20":3,"21":14,"22":31,"23":66,"24":84,"25":33,"26":35,"27":2628,"28":1814,"29":125,"30":107},"b":{"0":[20,18],"1":[38,18,18],"2":[1,17],"3":[18,17,17],"4":[1,20],"5":[20,2],"6":[1,4],"7":[3,1],"8":[1,80],"9":[7,73],"10":[5,68],"11":[3,65],"12":[13,52],"13":[93,85],"14":[37,1],"15":[50,1],"16":[70,0],"17":[47,3],"18":[37,1],"19":[50,0],"20":[27,10],"21":[19,20],"22":[26,1],"23":[33,2],"24":[55,0],"25":[55,2],"26":[3,1],"27":[3,0],"28":[3,1],"29":[33,0],"30":[2,3],"31":[5,4],"32":[2,1],"33":[1,2],"34":[2,12],"35":[14,4],"36":[31,1],"37":[33,0],"38":[0,33],"39":[33,1],"40":[44,0],"41":[2,42],"42":[84,0],"43":[3,43],"44":[1,2],"45":[3,40],"46":[81,2],"47":[3,78],"48":[33,1],"49":[36,1],"50":[37,0],"51":[44,1],"52":[33,1],"53":[1,36],"54":[36,1],"55":[0,15],"56":[2,31],"57":[31,1],"58":[34,0],"59":[1,42],"60":[42,1],"61":[2,24],"62":[1,34],"63":[35,1],"64":[1,33],"65":[34,34],"66":[2,2626],"67":[2628,2624],"68":[1194,620],"69":[1814,620],"70":[1,1193],"71":[350,270],"72":[2,203],"73":[1,1433],"74":[3,1430],"75":[33,1],"76":[1,86],"77":[87,1],"78":[1,85],"79":[86,1],"80":[2,83],"81":[83,1],"82":[1,91],"83":[92,1],"84":[0,91],"85":[6,119]},"meta":{"lastBranch":86,"lastFunction":31,"lastStatement":182,"seen":{"s:16:30:22:Infinity":0,"f:154:16:154:Infinity":0,"b:158:2:159:Infinity:undefined:undefined:undefined:undefined":0,"s:158:2:159:Infinity":1,"b:158:6:158:35:158:35:158:53:158:53:158:73":1,"s:159:4:159:Infinity":2,"b:161:2:162:Infinity:undefined:undefined:undefined:undefined":2,"s:161:2:162:Infinity":3,"b:161:6:161:36:161:36:161:55:161:55:161:76":3,"s:162:4:162:Infinity":4,"s:164:42:164:67":5,"s:165:2:172:Infinity":6,"b:166:4:172:Infinity:168:11:172:Infinity":4,"s:166:4:172:Infinity":7,"s:167:6:167:Infinity":8,"s:169:6:172:Infinity":9,"b:170:9:170:52:170:52:170:54":5,"s:175:2:175:Infinity":10,"f:180:16:180:Infinity":1,"s:184:17:184:30":11,"s:185:2:194:Infinity":12,"b:186:4:186:Infinity:undefined:undefined:undefined:undefined":6,"s:186:4:186:Infinity":13,"s:186:22:186:Infinity":14,"s:187:16:187:64":15,"f:187:23:187:34":2,"s:187:40:187:64":16,"b:188:4:194:Infinity:193:11:194:Infinity":7,"s:188:4:194:Infinity":17,"s:189:6:192:Infinity":18,"s:194:6:194:Infinity":19,"s:197:2:197:Infinity":20,"f:204:16:204:42":3,"b:205:2:205:Infinity:undefined:undefined:undefined:undefined":8,"s:205:2:205:Infinity":21,"s:205:24:205:Infinity":22,"b:206:2:206:Infinity:undefined:undefined:undefined:undefined":9,"s:206:2:206:Infinity":23,"f:206:15:206:22":4,"s:206:28:206:45":24,"s:206:47:206:Infinity":25,"b:207:2:207:Infinity:undefined:undefined:undefined:undefined":10,"s:207:2:207:Infinity":26,"f:207:15:207:21":5,"s:207:27:207:42":27,"s:207:44:207:Infinity":28,"b:208:2:208:Infinity:undefined:undefined:undefined:undefined":11,"s:208:2:208:Infinity":29,"f:208:15:208:21":6,"s:208:27:208:43":30,"s:208:45:208:Infinity":31,"b:209:2:210:Infinity:undefined:undefined:undefined:undefined":12,"s:209:2:210:Infinity":32,"f:209:15:209:21":7,"s:209:27:209:67":33,"b:209:27:209:50:209:50:209:67":13,"s:210:4:210:Infinity":34,"s:211:2:211:Infinity":35,"f:214:16:214:34":8,"s:215:2:218:Infinity":36,"b:215:22:215:37:215:37:215:39":14,"s:216:10:216:75":37,"b:216:26:216:41:216:41:216:43":15,"f:216:45:216:50":9,"s:216:56:216:75":38,"b:216:56:216:68:216:68:216:75":16,"b:217:4:218:Infinity:undefined:undefined:undefined:undefined":17,"s:217:4:218:Infinity":39,"s:218:6:218:Infinity":40,"s:221:8:221:74":41,"b:221:25:221:40:221:40:221:42":18,"f:221:44:221:49":10,"s:221:55:221:74":42,"b:221:55:221:67:221:67:221:74":19,"b:222:2:223:Infinity:undefined:undefined:undefined:undefined":20,"s:222:2:223:Infinity":43,"s:223:4:223:Infinity":44,"f:227:16:227:26":11,"s:228:2:228:Infinity":45,"f:228:21:228:27":12,"s:228:33:228:45":46,"f:231:16:231:Infinity":13,"s:235:2:237:Infinity":47,"s:236:17:236:53":48,"f:236:29:236:35":14,"s:236:41:236:53":49,"b:237:4:237:Infinity:undefined:undefined:undefined:undefined":21,"s:237:4:237:Infinity":50,"s:237:14:237:Infinity":51,"s:239:2:239:Infinity":52,"f:242:16:242:35":15,"s:243:12:243:37":53,"s:244:2:246:Infinity":54,"b:244:22:244:37:244:37:244:39":22,"s:245:4:246:Infinity":55,"b:245:23:245:38:245:38:245:40":23,"b:246:6:246:Infinity:undefined:undefined:undefined:undefined":24,"s:246:6:246:Infinity":56,"s:246:19:246:Infinity":57,"b:246:34:246:49:246:49:246:56":25,"s:249:2:249:Infinity":58,"f:252:16:252:36":16,"s:253:12:253:37":59,"s:254:2:255:Infinity":60,"b:254:22:254:37:254:37:254:39":26,"b:255:4:255:Infinity:undefined:undefined:undefined:undefined":27,"s:255:4:255:Infinity":61,"s:255:18:255:Infinity":62,"b:255:34:255:50:255:50:255:57":28,"s:257:2:257:Infinity":63,"f:260:16:260:Infinity":17,"s:264:2:264:Infinity":64,"b:264:10:264:29:264:29:264:31":29,"f:264:33:264:40":18,"s:264:46:264:78":65,"f:271:16:271:33":19,"b:272:2:272:Infinity:undefined:undefined:undefined:undefined":30,"s:272:2:272:Infinity":66,"b:272:6:272:15:272:15:272:27":31,"s:272:29:272:Infinity":67,"b:273:2:273:Infinity:undefined:undefined:undefined:undefined":32,"s:273:2:273:Infinity":68,"s:273:42:273:Infinity":69,"s:274:2:274:Infinity":70,"f:277:16:277:41":20,"b:278:2:278:Infinity:undefined:undefined:undefined:undefined":33,"s:278:2:278:Infinity":71,"s:278:17:278:Infinity":72,"s:279:2:279:Infinity":73,"f:282:16:282:Infinity":21,"b:286:2:286:Infinity:undefined:undefined:undefined:undefined":34,"s:286:2:286:Infinity":74,"b:286:6:286:31:286:31:286:53":35,"s:286:53:286:Infinity":75,"s:287:2:287:Infinity":76,"f:290:16:290:34":22,"s:291:15:291:32":77,"s:292:2:300:Infinity":78,"b:292:22:292:37:292:37:292:39":36,"b:293:4:295:Infinity:undefined:undefined:undefined:undefined":37,"s:293:4:295:Infinity":79,"b:294:6:294:Infinity:undefined:undefined:undefined:undefined":38,"s:294:6:294:Infinity":80,"s:294:30:294:Infinity":81,"s:295:6:295:Infinity":82,"s:297:4:300:Infinity":83,"b:297:23:297:38:297:38:297:40":39,"b:298:6:300:Infinity:undefined:undefined:undefined:undefined":40,"s:298:6:300:Infinity":84,"b:299:8:299:Infinity:undefined:undefined:undefined:undefined":41,"s:299:8:299:Infinity":85,"s:299:31:299:Infinity":86,"s:300:8:300:Infinity":87,"s:304:2:304:Infinity":88,"f:307:16:307:Infinity":23,"s:310:18:310:35":89,"s:311:18:311:35":90,"f:313:11:313:15":24,"s:314:4:314:Infinity":91,"s:315:4:315:Infinity":92,"s:316:4:320:Infinity":93,"b:316:27:316:42:316:46:316:48":42,"b:317:6:320:Infinity:319:17:320:Infinity":43,"s:317:6:320:Infinity":94,"b:318:8:318:Infinity:undefined:undefined:undefined:undefined":44,"s:318:8:318:Infinity":95,"s:318:27:318:Infinity":96,"b:319:17:320:Infinity:undefined:undefined:undefined:undefined":45,"s:319:17:320:Infinity":97,"s:320:8:320:Infinity":98,"s:323:4:323:Infinity":99,"s:324:4:324:Infinity":100,"s:327:2:329:Infinity":101,"b:328:4:329:Infinity:undefined:undefined:undefined:undefined":46,"s:328:4:329:Infinity":102,"b:329:6:329:Infinity:undefined:undefined:undefined:undefined":47,"s:329:6:329:Infinity":103,"s:329:21:329:Infinity":104,"s:332:2:332:Infinity":105,"f:335:16:335:37":25,"s:336:17:336:34":106,"s:337:2:340:Infinity":107,"b:337:22:337:37:337:37:337:39":48,"b:338:4:338:Infinity:undefined:undefined:undefined:undefined":49,"s:338:4:338:Infinity":108,"s:338:18:338:Infinity":109,"s:339:4:340:Infinity":110,"b:339:23:339:38:339:38:339:40":50,"b:340:6:340:Infinity:undefined:undefined:undefined:undefined":51,"s:340:6:340:Infinity":111,"s:340:19:340:Infinity":112,"s:345:21:345:48":113,"s:346:2:351:Infinity":114,"b:346:22:346:37:346:37:346:39":52,"b:347:4:347:Infinity:undefined:undefined:undefined:undefined":53,"s:347:4:347:Infinity":115,"s:347:19:347:Infinity":116,"s:348:4:348:Infinity":117,"s:349:4:351:Infinity":118,"b:349:22:349:42:349:42:349:44":54,"b:350:6:350:Infinity:undefined:undefined:undefined:undefined":55,"s:350:6:350:Infinity":119,"s:350:28:350:Infinity":120,"s:351:6:351:Infinity":121,"s:355:21:355:44":122,"b:356:2:356:Infinity:undefined:undefined:undefined:undefined":56,"s:356:2:356:Infinity":123,"s:356:18:356:Infinity":124,"s:359:20:359:47":125,"s:360:2:366:Infinity":126,"b:360:22:360:37:360:37:360:39":57,"s:361:4:366:Infinity":127,"b:361:23:361:38:361:38:361:40":58,"b:362:6:362:Infinity:undefined:undefined:undefined:undefined":59,"s:362:6:362:Infinity":128,"s:362:20:362:Infinity":129,"s:363:6:363:Infinity":130,"s:364:6:366:Infinity":131,"b:364:24:364:43:364:43:364:45":60,"b:365:8:365:Infinity:undefined:undefined:undefined:undefined":61,"s:365:8:365:Infinity":132,"s:365:30:365:Infinity":133,"s:366:8:366:Infinity":134,"s:371:2:371:Infinity":135,"f:374:16:374:35":26,"b:375:2:375:Infinity:undefined:undefined:undefined:undefined":62,"s:375:2:375:Infinity":136,"b:375:7:375:22:375:22:375:24":63,"s:375:52:375:Infinity":137,"b:377:2:378:Infinity:undefined:undefined:undefined:undefined":64,"s:377:2:378:Infinity":138,"b:377:6:377:19:377:19:377:Infinity":65,"s:378:4:378:Infinity":139,"f:380:11:380:29":27,"b:381:4:382:Infinity:undefined:undefined:undefined:undefined":66,"s:381:4:382:Infinity":140,"b:381:8:381:37:381:37:381:Infinity":67,"s:382:6:382:Infinity":141,"s:383:4:383:Infinity":142,"f:386:11:386:20":28,"b:387:4:389:Infinity:undefined:undefined:undefined:undefined":68,"s:387:4:389:Infinity":143,"b:387:8:387:35:387:35:387:49":69,"b:388:6:388:Infinity:undefined:undefined:undefined:undefined":70,"s:388:6:388:Infinity":144,"s:388:35:388:Infinity":145,"s:389:6:389:Infinity":146,"b:391:4:396:Infinity:undefined:undefined:undefined:undefined":71,"s:391:4:396:Infinity":147,"s:392:6:394:Infinity":148,"s:393:18:393:32":149,"b:394:8:394:Infinity:undefined:undefined:undefined:undefined":72,"s:394:8:394:Infinity":150,"s:394:15:394:Infinity":151,"s:396:6:396:Infinity":152,"s:398:4:401:Infinity":153,"b:399:6:399:Infinity:undefined:undefined:undefined:undefined":73,"s:399:6:399:Infinity":154,"s:399:35:399:Infinity":155,"s:400:16:400:29":156,"b:401:6:401:Infinity:undefined:undefined:undefined:undefined":74,"s:401:6:401:Infinity":157,"s:401:13:401:Infinity":158,"s:403:4:403:Infinity":159,"s:406:2:419:Infinity":160,"b:406:22:406:37:406:37:406:39":75,"b:407:4:408:Infinity:undefined:undefined:undefined:undefined":76,"s:407:4:408:Infinity":161,"b:407:9:407:24:407:24:407:26":77,"s:408:6:408:Infinity":162,"b:409:4:410:Infinity:undefined:undefined:undefined:undefined":78,"s:409:4:410:Infinity":163,"b:409:9:409:29:409:29:409:31":79,"s:410:6:410:Infinity":164,"s:412:23:412:38":165,"b:413:4:413:Infinity:undefined:undefined:undefined:undefined":80,"s:413:4:413:Infinity":166,"s:413:20:413:Infinity":167,"s:415:4:419:Infinity":168,"b:415:23:415:38:415:38:415:40":81,"b:416:6:417:Infinity:undefined:undefined:undefined:undefined":82,"s:416:6:417:Infinity":169,"b:416:11:416:30:416:30:416:32":83,"s:417:8:417:Infinity":170,"s:418:24:418:38":171,"b:419:6:419:Infinity:undefined:undefined:undefined:undefined":84,"s:419:6:419:Infinity":172,"s:419:21:419:Infinity":173,"s:423:2:423:Infinity":174,"f:430:16:430:25":29,"b:431:2:431:Infinity:undefined:undefined:undefined:undefined":85,"s:431:2:431:Infinity":175,"s:431:28:431:Infinity":176,"s:432:2:432:Infinity":177,"f:435:16:435:25":30,"s:436:14:436:32":178,"s:437:2:437:Infinity":179,"s:438:2:438:Infinity":180,"s:439:2:439:Infinity":181}}}
,"/Users/isolomatov/Sources/GAIN/rosetta/rosettify/src/commands/plan/create.ts": {"path":"/Users/isolomatov/Sources/GAIN/rosetta/rosettify/src/commands/plan/create.ts","statementMap":{"0":{"start":{"line":20,"column":2},"end":{"line":70,"column":null}},"1":{"start":{"line":21,"column":16},"end":{"line":21,"column":40}},"2":{"start":{"line":23,"column":22},"end":{"line":25,"column":10}},"3":{"start":{"line":27,"column":28},"end":{"line":43,"column":null}},"4":{"start":{"line":28,"column":23},"end":{"line":30,"column":12}},"5":{"start":{"line":31,"column":28},"end":{"line":35,"column":17}},"6":{"start":{"line":31,"column":49},"end":{"line":35,"column":17}},"7":{"start":{"line":37,"column":24},"end":{"line":41,"column":null}},"8":{"start":{"line":42,"column":6},"end":{"line":42,"column":null}},"9":{"start":{"line":45,"column":23},"end":{"line":52,"column":null}},"10":{"start":{"line":54,"column":10},"end":{"line":54,"column":45}},"11":{"start":{"line":55,"column":4},"end":{"line":55,"column":null}},"12":{"start":{"line":55,"column":19},"end":{"line":55,"column":null}},"13":{"start":{"line":57,"column":10},"end":{"line":57,"column":46}},"14":{"start":{"line":58,"column":4},"end":{"line":58,"column":null}},"15":{"start":{"line":58,"column":17},"end":{"line":58,"column":null}},"16":{"start":{"line":60,"column":10},"end":{"line":60,"column":44}},"17":{"start":{"line":61,"column":4},"end":{"line":61,"column":null}},"18":{"start":{"line":61,"column":17},"end":{"line":61,"column":null}},"19":{"start":{"line":63,"column":4},"end":{"line":63,"column":null}},"20":{"start":{"line":64,"column":4},"end":{"line":64,"column":null}},"21":{"start":{"line":66,"column":4},"end":{"line":66,"column":null}},"22":{"start":{"line":67,"column":4},"end":{"line":67,"column":null}},"23":{"start":{"line":69,"column":16},"end":{"line":69,"column":58}},"24":{"start":{"line":70,"column":4},"end":{"line":70,"column":null}}},"fnMap":{"0":{"name":"cmdCreate","decl":{"start":{"line":16,"column":22},"end":{"line":16,"column":null}},"loc":{"start":{"line":19,"column":38},"end":{"line":70,"column":null}},"line":19},"1":{"name":"(anonymous_1)","decl":{"start":{"line":27,"column":38},"end":{"line":27,"column":43}},"loc":{"start":{"line":27,"column":49},"end":{"line":43,"column":null}},"line":27},"2":{"name":"(anonymous_2)","decl":{"start":{"line":31,"column":37},"end":{"line":31,"column":42}},"loc":{"start":{"line":31,"column":49},"end":{"line":35,"column":17}},"line":31}},"branchMap":{"0":{"loc":{"start":{"line":23,"column":22},"end":{"line":25,"column":10}},"type":"cond-expr","locations":[{"start":{"line":24,"column":9},"end":{"line":24,"column":null}},{"start":{"line":25,"column":8},"end":{"line":25,"column":10}}],"line":23},"1":{"loc":{"start":{"line":28,"column":23},"end":{"line":30,"column":12}},"type":"cond-expr","locations":[{"start":{"line":29,"column":11},"end":{"line":29,"column":null}},{"start":{"line":30,"column":10},"end":{"line":30,"column":12}}],"line":28},"2":{"loc":{"start":{"line":46,"column":13},"end":{"line":46,"column":null}},"type":"binary-expr","locations":[{"start":{"line":46,"column":13},"end":{"line":46,"column":52}},{"start":{"line":46,"column":52},"end":{"line":46,"column":null}}],"line":46},"3":{"loc":{"start":{"line":47,"column":20},"end":{"line":47,"column":null}},"type":"binary-expr","locations":[{"start":{"line":47,"column":20},"end":{"line":47,"column":66}},{"start":{"line":47,"column":66},"end":{"line":47,"column":null}}],"line":47},"4":{"loc":{"start":{"line":55,"column":4},"end":{"line":55,"column":null}},"type":"if","locations":[{"start":{"line":55,"column":4},"end":{"line":55,"column":null}},{"start":{},"end":{}}],"line":55},"5":{"loc":{"start":{"line":58,"column":4},"end":{"line":58,"column":null}},"type":"if","locations":[{"start":{"line":58,"column":4},"end":{"line":58,"column":null}},{"start":{},"end":{}}],"line":58},"6":{"loc":{"start":{"line":61,"column":4},"end":{"line":61,"column":null}},"type":"if","locations":[{"start":{"line":61,"column":4},"end":{"line":61,"column":null}},{"start":{},"end":{}}],"line":61},"7":{"loc":{"start":{"line":69,"column":16},"end":{"line":69,"column":58}},"type":"cond-expr","locations":[{"start":{"line":69,"column":37},"end":{"line":69,"column":49}},{"start":{"line":69,"column":49},"end":{"line":69,"column":58}}],"line":69}},"s":{"0":14,"1":14,"2":14,"3":14,"4":6,"5":6,"6":5,"7":6,"8":6,"9":14,"10":14,"11":14,"12":1,"13":13,"14":13,"15":2,"16":11,"17":11,"18":0,"19":11,"20":11,"21":11,"22":11,"23":1,"24":1},"f":{"0":14,"1":6,"2":5},"b":{"0":[6,8],"1":[5,1],"2":[14,1],"3":[14,13],"4":[1,13],"5":[2,11],"6":[0,11],"7":[1,0]},"meta":{"lastBranch":8,"lastFunction":3,"lastStatement":25,"seen":{"f:16:22:16:Infinity":0,"s:20:2:70:Infinity":0,"s:21:16:21:40":1,"s:23:22:25:10":2,"b:24:9:24:Infinity:25:8:25:10":0,"s:27:28:43:Infinity":3,"f:27:38:27:43":1,"s:28:23:30:12":4,"b:29:11:29:Infinity:30:10:30:12":1,"s:31:28:35:17":5,"f:31:37:31:42":2,"s:31:49:35:17":6,"s:37:24:41:Infinity":7,"s:42:6:42:Infinity":8,"s:45:23:52:Infinity":9,"b:46:13:46:52:46:52:46:Infinity":2,"b:47:20:47:66:47:66:47:Infinity":3,"s:54:10:54:45":10,"b:55:4:55:Infinity:undefined:undefined:undefined:undefined":4,"s:55:4:55:Infinity":11,"s:55:19:55:Infinity":12,"s:57:10:57:46":13,"b:58:4:58:Infinity:undefined:undefined:undefined:undefined":5,"s:58:4:58:Infinity":14,"s:58:17:58:Infinity":15,"s:60:10:60:44":16,"b:61:4:61:Infinity:undefined:undefined:undefined:undefined":6,"s:61:4:61:Infinity":17,"s:61:17:61:Infinity":18,"s:63:4:63:Infinity":19,"s:64:4:64:Infinity":20,"s:66:4:66:Infinity":21,"s:67:4:67:Infinity":22,"s:69:16:69:58":23,"b:69:37:69:49:69:49:69:58":7,"s:70:4:70:Infinity":24}}}
,"/Users/isolomatov/Sources/GAIN/rosetta/rosettify/src/commands/plan/help-content.ts": {"path":"/Users/isolomatov/Sources/GAIN/rosetta/rosettify/src/commands/plan/help-content.ts","statementMap":{"0":{"start":{"line":9,"column":31},"end":{"line":145,"column":null}}},"fnMap":{},"branchMap":{},"s":{"0":5},"f":{},"b":{},"meta":{"lastBranch":0,"lastFunction":0,"lastStatement":1,"seen":{"s:9:31:145:Infinity":0}}}
,"/Users/isolomatov/Sources/GAIN/rosetta/rosettify/src/commands/plan/index.ts": {"path":"/Users/isolomatov/Sources/GAIN/rosetta/rosettify/src/commands/plan/index.ts","statementMap":{"0":{"start":{"line":12,"column":26},"end":{"line":19,"column":null}},"1":{"start":{"line":23,"column":4},"end":{"line":23,"column":null}},"2":{"start":{"line":26,"column":2},"end":{"line":27,"column":null}},"3":{"start":{"line":27,"column":4},"end":{"line":27,"column":null}},"4":{"start":{"line":31,"column":2},"end":{"line":35,"column":null}},"5":{"start":{"line":32,"column":4},"end":{"line":35,"column":null}},"6":{"start":{"line":40,"column":2},"end":{"line":48,"column":null}},"7":{"start":{"line":41,"column":4},"end":{"line":48,"column":null}},"8":{"start":{"line":42,"column":6},"end":{"line":45,"column":null}},"9":{"start":{"line":43,"column":8},"end":{"line":43,"column":null}},"10":{"start":{"line":45,"column":8},"end":{"line":45,"column":null}},"11":{"start":{"line":48,"column":6},"end":{"line":48,"column":null}},"12":{"start":{"line":52,"column":2},"end":{"line":88,"column":null}},"13":{"start":{"line":54,"column":6},"end":{"line":54,"column":null}},"14":{"start":{"line":54,"column":22},"end":{"line":54,"column":null}},"15":{"start":{"line":55,"column":6},"end":{"line":55,"column":null}},"16":{"start":{"line":55,"column":23},"end":{"line":55,"column":null}},"17":{"start":{"line":56,"column":6},"end":{"line":56,"column":null}},"18":{"start":{"line":60,"column":6},"end":{"line":60,"column":null}},"19":{"start":{"line":60,"column":22},"end":{"line":60,"column":null}},"20":{"start":{"line":61,"column":6},"end":{"line":61,"column":null}},"21":{"start":{"line":65,"column":6},"end":{"line":65,"column":null}},"22":{"start":{"line":65,"column":22},"end":{"line":65,"column":null}},"23":{"start":{"line":66,"column":6},"end":{"line":66,"column":null}},"24":{"start":{"line":66,"column":22},"end":{"line":66,"column":null}},"25":{"start":{"line":67,"column":6},"end":{"line":67,"column":null}},"26":{"start":{"line":67,"column":23},"end":{"line":67,"column":null}},"27":{"start":{"line":68,"column":6},"end":{"line":68,"column":null}},"28":{"start":{"line":72,"column":6},"end":{"line":72,"column":null}},"29":{"start":{"line":72,"column":22},"end":{"line":72,"column":null}},"30":{"start":{"line":73,"column":6},"end":{"line":73,"column":null}},"31":{"start":{"line":77,"column":6},"end":{"line":77,"column":null}},"32":{"start":{"line":77,"column":22},"end":{"line":77,"column":null}},"33":{"start":{"line":78,"column":6},"end":{"line":78,"column":null}},"34":{"start":{"line":82,"column":6},"end":{"line":82,"column":null}},"35":{"start":{"line":82,"column":22},"end":{"line":82,"column":null}},"36":{"start":{"line":83,"column":6},"end":{"line":83,"column":null}},"37":{"start":{"line":83,"column":23},"end":{"line":83,"column":null}},"38":{"start":{"line":84,"column":6},"end":{"line":84,"column":null}},"39":{"start":{"line":88,"column":6},"end":{"line":88,"column":null}},"40":{"start":{"line":92,"column":56},"end":{"line":151,"column":null}}},"fnMap":{"0":{"name":"runPlan","decl":{"start":{"line":21,"column":15},"end":{"line":21,"column":23}},"loc":{"start":{"line":21,"column":72},"end":{"line":88,"column":null}},"line":21}},"branchMap":{"0":{"loc":{"start":{"line":26,"column":2},"end":{"line":27,"column":null}},"type":"if","locations":[{"start":{"line":26,"column":2},"end":{"line":27,"column":null}},{"start":{},"end":{}}],"line":26},"1":{"loc":{"start":{"line":31,"column":2},"end":{"line":35,"column":null}},"type":"if","locations":[{"start":{"line":31,"column":2},"end":{"line":35,"column":null}},{"start":{},"end":{}}],"line":31},"2":{"loc":{"start":{"line":40,"column":2},"end":{"line":48,"column":null}},"type":"if","locations":[{"start":{"line":40,"column":2},"end":{"line":48,"column":null}},{"start":{},"end":{}}],"line":40},"3":{"loc":{"start":{"line":41,"column":4},"end":{"line":48,"column":null}},"type":"if","locations":[{"start":{"line":41,"column":4},"end":{"line":48,"column":null}},{"start":{"line":47,"column":11},"end":{"line":48,"column":null}}],"line":41},"4":{"loc":{"start":{"line":52,"column":2},"end":{"line":88,"column":null}},"type":"switch","locations":[{"start":{"line":53,"column":4},"end":{"line":56,"column":null}},{"start":{"line":59,"column":4},"end":{"line":61,"column":null}},{"start":{"line":64,"column":4},"end":{"line":68,"column":null}},{"start":{"line":71,"column":4},"end":{"line":73,"column":null}},{"start":{"line":76,"column":4},"end":{"line":78,"column":null}},{"start":{"line":81,"column":4},"end":{"line":84,"column":null}},{"start":{"line":87,"column":4},"end":{"line":88,"column":null}}],"line":52},"5":{"loc":{"start":{"line":54,"column":6},"end":{"line":54,"column":null}},"type":"if","locations":[{"start":{"line":54,"column":6},"end":{"line":54,"column":null}},{"start":{},"end":{}}],"line":54},"6":{"loc":{"start":{"line":55,"column":6},"end":{"line":55,"column":null}},"type":"if","locations":[{"start":{"line":55,"column":6},"end":{"line":55,"column":null}},{"start":{},"end":{}}],"line":55},"7":{"loc":{"start":{"line":60,"column":6},"end":{"line":60,"column":null}},"type":"if","locations":[{"start":{"line":60,"column":6},"end":{"line":60,"column":null}},{"start":{},"end":{}}],"line":60},"8":{"loc":{"start":{"line":65,"column":6},"end":{"line":65,"column":null}},"type":"if","locations":[{"start":{"line":65,"column":6},"end":{"line":65,"column":null}},{"start":{},"end":{}}],"line":65},"9":{"loc":{"start":{"line":66,"column":6},"end":{"line":66,"column":null}},"type":"if","locations":[{"start":{"line":66,"column":6},"end":{"line":66,"column":null}},{"start":{},"end":{}}],"line":66},"10":{"loc":{"start":{"line":67,"column":6},"end":{"line":67,"column":null}},"type":"if","locations":[{"start":{"line":67,"column":6},"end":{"line":67,"column":null}},{"start":{},"end":{}}],"line":67},"11":{"loc":{"start":{"line":72,"column":6},"end":{"line":72,"column":null}},"type":"if","locations":[{"start":{"line":72,"column":6},"end":{"line":72,"column":null}},{"start":{},"end":{}}],"line":72},"12":{"loc":{"start":{"line":77,"column":6},"end":{"line":77,"column":null}},"type":"if","locations":[{"start":{"line":77,"column":6},"end":{"line":77,"column":null}},{"start":{},"end":{}}],"line":77},"13":{"loc":{"start":{"line":82,"column":6},"end":{"line":82,"column":null}},"type":"if","locations":[{"start":{"line":82,"column":6},"end":{"line":82,"column":null}},{"start":{},"end":{}}],"line":82},"14":{"loc":{"start":{"line":83,"column":6},"end":{"line":83,"column":null}},"type":"if","locations":[{"start":{"line":83,"column":6},"end":{"line":83,"column":null}},{"start":{},"end":{}}],"line":83}},"s":{"0":5,"1":19,"2":19,"3":1,"4":18,"5":1,"6":17,"7":5,"8":1,"9":1,"10":1,"11":4,"12":16,"13":3,"14":1,"15":2,"16":2,"17":1,"18":2,"19":1,"20":1,"21":4,"22":1,"23":3,"24":3,"25":2,"26":2,"27":1,"28":2,"29":1,"30":1,"31":2,"32":1,"33":1,"34":3,"35":1,"36":2,"37":2,"38":1,"39":0,"40":5},"f":{"0":19},"b":{"0":[1,18],"1":[1,17],"2":[5,12],"3":[1,4],"4":[16,2,4,2,2,3,0],"5":[1,2],"6":[1,1],"7":[1,1],"8":[1,3],"9":[1,2],"10":[1,1],"11":[1,1],"12":[1,1],"13":[1,2],"14":[1,1]},"meta":{"lastBranch":15,"lastFunction":1,"lastStatement":41,"seen":{"s:12:26:19:Infinity":0,"f:21:15:21:23":0,"s:23:4:23:Infinity":1,"b:26:2:27:Infinity:undefined:undefined:undefined:undefined":0,"s:26:2:27:Infinity":2,"s:27:4:27:Infinity":3,"b:31:2:35:Infinity:undefined:undefined:undefined:undefined":1,"s:31:2:35:Infinity":4,"s:32:4:35:Infinity":5,"b:40:2:48:Infinity:undefined:undefined:undefined:undefined":2,"s:40:2:48:Infinity":6,"b:41:4:48:Infinity:47:11:48:Infinity":3,"s:41:4:48:Infinity":7,"s:42:6:45:Infinity":8,"s:43:8:43:Infinity":9,"s:45:8:45:Infinity":10,"s:48:6:48:Infinity":11,"b:53:4:56:Infinity:59:4:61:Infinity:64:4:68:Infinity:71:4:73:Infinity:76:4:78:Infinity:81:4:84:Infinity:87:4:88:Infinity":4,"s:52:2:88:Infinity":12,"b:54:6:54:Infinity:undefined:undefined:undefined:undefined":5,"s:54:6:54:Infinity":13,"s:54:22:54:Infinity":14,"b:55:6:55:Infinity:undefined:undefined:undefined:undefined":6,"s:55:6:55:Infinity":15,"s:55:23:55:Infinity":16,"s:56:6:56:Infinity":17,"b:60:6:60:Infinity:undefined:undefined:undefined:undefined":7,"s:60:6:60:Infinity":18,"s:60:22:60:Infinity":19,"s:61:6:61:Infinity":20,"b:65:6:65:Infinity:undefined:undefined:undefined:undefined":8,"s:65:6:65:Infinity":21,"s:65:22:65:Infinity":22,"b:66:6:66:Infinity:undefined:undefined:undefined:undefined":9,"s:66:6:66:Infinity":23,"s:66:22:66:Infinity":24,"b:67:6:67:Infinity:undefined:undefined:undefined:undefined":10,"s:67:6:67:Infinity":25,"s:67:23:67:Infinity":26,"s:68:6:68:Infinity":27,"b:72:6:72:Infinity:undefined:undefined:undefined:undefined":11,"s:72:6:72:Infinity":28,"s:72:22:72:Infinity":29,"s:73:6:73:Infinity":30,"b:77:6:77:Infinity:undefined:undefined:undefined:undefined":12,"s:77:6:77:Infinity":31,"s:77:22:77:Infinity":32,"s:78:6:78:Infinity":33,"b:82:6:82:Infinity:undefined:undefined:undefined:undefined":13,"s:82:6:82:Infinity":34,"s:82:22:82:Infinity":35,"b:83:6:83:Infinity:undefined:undefined:undefined:undefined":14,"s:83:6:83:Infinity":36,"s:83:23:83:Infinity":37,"s:84:6:84:Infinity":38,"s:88:6:88:Infinity":39,"s:92:56:151:Infinity":40}}}
,"/Users/isolomatov/Sources/GAIN/rosetta/rosettify/src/commands/plan/next.ts": {"path":"/Users/isolomatov/Sources/GAIN/rosetta/rosettify/src/commands/plan/next.ts","statementMap":{"0":{"start":{"line":19,"column":2},"end":{"line":80,"column":null}},"1":{"start":{"line":20,"column":4},"end":{"line":20,"column":null}},"2":{"start":{"line":20,"column":19},"end":{"line":20,"column":null}},"3":{"start":{"line":22,"column":10},"end":{"line":22,"column":35}},"4":{"start":{"line":23,"column":4},"end":{"line":23,"column":null}},"5":{"start":{"line":23,"column":15},"end":{"line":23,"column":null}},"6":{"start":{"line":26,"column":4},"end":{"line":28,"column":null}},"7":{"start":{"line":27,"column":26},"end":{"line":27,"column":68}},"8":{"start":{"line":27,"column":50},"end":{"line":27,"column":68}},"9":{"start":{"line":28,"column":6},"end":{"line":28,"column":null}},"10":{"start":{"line":28,"column":24},"end":{"line":28,"column":null}},"11":{"start":{"line":31,"column":10},"end":{"line":31,"column":50}},"12":{"start":{"line":38,"column":4},"end":{"line":44,"column":null}},"13":{"start":{"line":39,"column":6},"end":{"line":39,"column":null}},"14":{"start":{"line":39,"column":47},"end":{"line":39,"column":65}},"15":{"start":{"line":41,"column":26},"end":{"line":42,"column":null}},"16":{"start":{"line":42,"column":9},"end":{"line":42,"column":null}},"17":{"start":{"line":44,"column":6},"end":{"line":44,"column":null}},"18":{"start":{"line":47,"column":35},"end":{"line":47,"column":37}},"19":{"start":{"line":48,"column":34},"end":{"line":48,"column":36}},"20":{"start":{"line":49,"column":32},"end":{"line":49,"column":34}},"21":{"start":{"line":50,"column":31},"end":{"line":50,"column":33}},"22":{"start":{"line":52,"column":4},"end":{"line":66,"column":null}},"23":{"start":{"line":53,"column":6},"end":{"line":66,"column":null}},"24":{"start":{"line":54,"column":19},"end":{"line":54,"column":null}},"25":{"start":{"line":56,"column":8},"end":{"line":66,"column":null}},"26":{"start":{"line":57,"column":10},"end":{"line":57,"column":null}},"27":{"start":{"line":58,"column":19},"end":{"line":66,"column":null}},"28":{"start":{"line":60,"column":10},"end":{"line":61,"column":null}},"29":{"start":{"line":61,"column":12},"end":{"line":61,"column":null}},"30":{"start":{"line":63,"column":19},"end":{"line":66,"column":null}},"31":{"start":{"line":64,"column":10},"end":{"line":64,"column":null}},"32":{"start":{"line":65,"column":19},"end":{"line":66,"column":null}},"33":{"start":{"line":66,"column":10},"end":{"line":66,"column":null}},"34":{"start":{"line":71,"column":18},"end":{"line":73,"column":null}},"35":{"start":{"line":76,"column":4},"end":{"line":76,"column":null}},"36":{"start":{"line":77,"column":4},"end":{"line":77,"column":null}},"37":{"start":{"line":79,"column":16},"end":{"line":79,"column":58}},"38":{"start":{"line":80,"column":4},"end":{"line":80,"column":null}},"39":{"start":{"line":93,"column":27},"end":{"line":101,"column":null}},"40":{"start":{"line":102,"column":2},"end":{"line":102,"column":null}},"41":{"start":{"line":102,"column":20},"end":{"line":102,"column":null}},"42":{"start":{"line":103,"column":2},"end":{"line":103,"column":null}},"43":{"start":{"line":103,"column":32},"end":{"line":103,"column":null}},"44":{"start":{"line":104,"column":2},"end":{"line":104,"column":null}},"45":{"start":{"line":104,"column":31},"end":{"line":104,"column":null}},"46":{"start":{"line":105,"column":2},"end":{"line":105,"column":null}},"47":{"start":{"line":105,"column":21},"end":{"line":105,"column":null}},"48":{"start":{"line":106,"column":2},"end":{"line":106,"column":null}},"49":{"start":{"line":106,"column":17},"end":{"line":106,"column":null}},"50":{"start":{"line":107,"column":2},"end":{"line":107,"column":null}},"51":{"start":{"line":107,"column":18},"end":{"line":107,"column":null}},"52":{"start":{"line":108,"column":2},"end":{"line":108,"column":null}}},"fnMap":{"0":{"name":"cmdNext","decl":{"start":{"line":14,"column":22},"end":{"line":14,"column":null}},"loc":{"start":{"line":18,"column":36},"end":{"line":80,"column":null}},"line":18},"1":{"name":"(anonymous_1)","decl":{"start":{"line":27,"column":38},"end":{"line":27,"column":44}},"loc":{"start":{"line":27,"column":50},"end":{"line":27,"column":68}},"line":27},"2":{"name":"(anonymous_2)","decl":{"start":{"line":39,"column":33},"end":{"line":39,"column":41}},"loc":{"start":{"line":39,"column":47},"end":{"line":39,"column":65}},"line":39},"3":{"name":"(anonymous_3)","decl":{"start":{"line":41,"column":38},"end":{"line":41,"column":null}},"loc":{"start":{"line":42,"column":9},"end":{"line":42,"column":null}},"line":42},"4":{"name":"buildNextStep","decl":{"start":{"line":84,"column":9},"end":{"line":84,"column":null}},"loc":{"start":{"line":92,"column":12},"end":{"line":108,"column":null}},"line":92}},"branchMap":{"0":{"loc":{"start":{"line":17,"column":2},"end":{"line":17,"column":null}},"type":"default-arg","locations":[{"start":{"line":17,"column":10},"end":{"line":17,"column":null}}],"line":17},"1":{"loc":{"start":{"line":20,"column":4},"end":{"line":20,"column":null}},"type":"if","locations":[{"start":{"line":20,"column":4},"end":{"line":20,"column":null}},{"start":{},"end":{}}],"line":20},"2":{"loc":{"start":{"line":23,"column":4},"end":{"line":23,"column":null}},"type":"if","locations":[{"start":{"line":23,"column":4},"end":{"line":23,"column":null}},{"start":{},"end":{}}],"line":23},"3":{"loc":{"start":{"line":26,"column":4},"end":{"line":28,"column":null}},"type":"if","locations":[{"start":{"line":26,"column":4},"end":{"line":28,"column":null}},{"start":{},"end":{}}],"line":26},"4":{"loc":{"start":{"line":28,"column":6},"end":{"line":28,"column":null}},"type":"if","locations":[{"start":{"line":28,"column":6},"end":{"line":28,"column":null}},{"start":{},"end":{}}],"line":28},"5":{"loc":{"start":{"line":38,"column":4},"end":{"line":44,"column":null}},"type":"if","locations":[{"start":{"line":38,"column":4},"end":{"line":44,"column":null}},{"start":{"line":40,"column":11},"end":{"line":44,"column":null}}],"line":38},"6":{"loc":{"start":{"line":42,"column":16},"end":{"line":42,"column":40}},"type":"binary-expr","locations":[{"start":{"line":42,"column":16},"end":{"line":42,"column":28}},{"start":{"line":42,"column":28},"end":{"line":42,"column":40}}],"line":42},"7":{"loc":{"start":{"line":44,"column":21},"end":{"line":44,"column":53}},"type":"cond-expr","locations":[{"start":{"line":44,"column":35},"end":{"line":44,"column":48}},{"start":{"line":44,"column":51},"end":{"line":44,"column":53}}],"line":44},"8":{"loc":{"start":{"line":53,"column":25},"end":{"line":53,"column":42}},"type":"binary-expr","locations":[{"start":{"line":53,"column":25},"end":{"line":53,"column":40}},{"start":{"line":53,"column":40},"end":{"line":53,"column":42}}],"line":53},"9":{"loc":{"start":{"line":54,"column":19},"end":{"line":54,"column":null}},"type":"binary-expr","locations":[{"start":{"line":54,"column":19},"end":{"line":54,"column":34}},{"start":{"line":54,"column":34},"end":{"line":54,"column":null}}],"line":54},"10":{"loc":{"start":{"line":56,"column":8},"end":{"line":66,"column":null}},"type":"if","locations":[{"start":{"line":56,"column":8},"end":{"line":66,"column":null}},{"start":{"line":58,"column":19},"end":{"line":66,"column":null}}],"line":56},"11":{"loc":{"start":{"line":58,"column":19},"end":{"line":66,"column":null}},"type":"if","locations":[{"start":{"line":58,"column":19},"end":{"line":66,"column":null}},{"start":{"line":63,"column":19},"end":{"line":66,"column":null}}],"line":58},"12":{"loc":{"start":{"line":60,"column":10},"end":{"line":61,"column":null}},"type":"if","locations":[{"start":{"line":60,"column":10},"end":{"line":61,"column":null}},{"start":{},"end":{}}],"line":60},"13":{"loc":{"start":{"line"
[...]
:{"line":93,"column":32},"end":{"line":93,"column":null}},"60":{"start":{"line":94,"column":29},"end":{"line":94,"column":77}},"61":{"start":{"line":95,"column":52},"end":{"line":98,"column":null}},"62":{"start":{"line":99,"column":8},"end":{"line":99,"column":null}},"63":{"start":{"line":101,"column":8},"end":{"line":101,"column":null}},"64":{"start":{"line":105,"column":4},"end":{"line":105,"column":null}},"65":{"start":{"line":108,"column":6},"end":{"line":108,"column":75}},"66":{"start":{"line":109,"column":4},"end":{"line":109,"column":null}},"67":{"start":{"line":110,"column":4},"end":{"line":110,"column":null}}},"fnMap":{"0":{"name":"validateInput","decl":{"start":{"line":7,"column":16},"end":{"line":7,"column":null}},"loc":{"start":{"line":10,"column":17},"end":{"line":65,"column":null}},"line":10},"1":{"name":"(anonymous_1)","decl":{"start":{"line":49,"column":31},"end":{"line":49,"column":37}},"loc":{"start":{"line":49,"column":51},"end":{"line":55,"column":null}},"line":49},"2":{"name":"dispatch","decl":{"start":{"line":68,"column":22},"end":{"line":68,"column":null}},"loc":{"start":{"line":71,"column":38},"end":{"line":110,"column":null}},"line":71}},"branchMap":{"0":{"loc":{"start":{"line":11,"column":2},"end":{"line":12,"column":null}},"type":"if","locations":[{"start":{"line":11,"column":2},"end":{"line":12,"column":null}},{"start":{},"end":{}}],"line":11},"1":{"loc":{"start":{"line":11,"column":6},"end":{"line":11,"column":51}},"type":"binary-expr","locations":[{"start":{"line":11,"column":6},"end":{"line":11,"column":35}},{"start":{"line":11,"column":35},"end":{"line":11,"column":51}}],"line":11},"2":{"loc":{"start":{"line":21,"column":2},"end":{"line":24,"column":null}},"type":"if","locations":[{"start":{"line":21,"column":2},"end":{"line":24,"column":null}},{"start":{},"end":{}}],"line":21},"3":{"loc":{"start":{"line":23,"column":6},"end":{"line":24,"column":null}},"type":"if","locations":[{"start":{"line":23,"column":6},"end":{"line":24,"column":null}},{"start":{},"end":{}}],"line":23},"4":{"loc":{"start":{"line":29,"column":2},"end":{"line":60,"column":null}},"type":"if","locations":[{"start":{"line":29,"column":2},"end":{"line":60,"column":null}},{"start":{},"end":{}}],"line":29},"5":{"loc":{"start":{"line":31,"column":6},"end":{"line":31,"column":null}},"type":"if","locations":[{"start":{"line":31,"column":6},"end":{"line":31,"column":null}},{"start":{},"end":{}}],"line":31},"6":{"loc":{"start":{"line":37,"column":6},"end":{"line":45,"column":null}},"type":"if","locations":[{"start":{"line":37,"column":6},"end":{"line":45,"column":null}},{"start":{},"end":{}}],"line":37},"7":{"loc":{"start":{"line":37,"column":10},"end":{"line":37,"column":57}},"type":"binary-expr","locations":[{"start":{"line":37,"column":10},"end":{"line":37,"column":18}},{"start":{"line":37,"column":18},"end":{"line":37,"column":41}},{"start":{"line":37,"column":41},"end":{"line":37,"column":57}}],"line":37},"8":{"loc":{"start":{"line":39,"column":8},"end":{"line":44,"column":null}},"type":"if","locations":[{"start":{"line":39,"column":8},"end":{"line":44,"column":null}},{"start":{"line":40,"column":17},"end":{"line":44,"column":null}}],"line":39},"9":{"loc":{"start":{"line":39,"column":12},"end":{"line":39,"column":60}},"type":"binary-expr","locations":[{"start":{"line":39,"column":12},"end":{"line":39,"column":33}},{"start":{"line":39,"column":33},"end":{"line":39,"column":60}}],"line":39},"10":{"loc":{"start":{"line":40,"column":17},"end":{"line":44,"column":null}},"type":"if","locations":[{"start":{"line":40,"column":17},"end":{"line":44,"column":null}},{"start":{"line":41,"column":17},"end":{"line":44,"column":null}}],"line":40},"11":{"loc":{"start":{"line":40,"column":17},"end":{"line":40,"column":91}},"type":"binary-expr","locations":[{"start":{"line":40,"column":17},"end":{"line":40,"column":39}},{"start":{"line":40,"column":39},"end":{"line":40,"column":68}},{"start":{"line":40,"column":68},"end":{"line":40,"column":91}}],"line":40},"12":{"loc":{"start":{"line":41,"column":17},"end":{"line":44,"column":null}},"type":"if","locations":[{"start":{"line":41,"column":17},"end":{"line":44,"column":null}},{"start":{"line":42,"column":17},"end":{"line":44,"column":null}}],"line":41},"13":{"loc":{"start":{"line":41,"column":17},"end":{"line":41,"column":65}},"type":"binary-expr","locations":[{"start":{"line":41,"column":17},"end":{"line":41,"column":38}},{"start":{"line":41,"column":38},"end":{"line":41,"column":65}}],"line":41},"14":{"loc":{"start":{"line":42,"column":17},"end":{"line":44,"column":null}},"type":"if","locations":[{"start":{"line":42,"column":17},"end":{"line":44,"column":null}},{"start":{"line":43,"column":17},"end":{"line":44,"column":null}}],"line":42},"15":{"loc":{"start":{"line":42,"column":17},"end":{"line":42,"column":67}},"type":"binary-expr","locations":[{"start":{"line":42,"column":17},"end":{"line":42,"column":39}},{"start":{"line":42,"column":39},"end":{"line":42,"column":67}}],"line":42},"16":{"loc":{"start":{"line":43,"column":17},"end":{"line":44,"column":null}},"type":"if","locations":[{"start":{"line":43,"column":17},"end":{"line":44,"column":null}},{"start":{"line":44,"column":17},"end":{"line":44,"column":null}}],"line":43},"17":{"loc":{"start":{"line":43,"column":17},"end":{"line":43,"column":88}},"type":"binary-expr","locations":[{"start":{"line":43,"column":17},"end":{"line":43,"column":38}},{"start":{"line":43,"column":38},"end":{"line":43,"column":67}},{"start":{"line":43,"column":67},"end":{"line":43,"column":88}}],"line":43},"18":{"loc":{"start":{"line":44,"column":17},"end":{"line":44,"column":null}},"type":"if","locations":[{"start":{"line":44,"column":17},"end":{"line":44,"column":null}},{"start":{},"end":{}}],"line":44},"19":{"loc":{"start":{"line":44,"column":17},"end":{"line":44,"column":57}},"type":"binary-expr","locations":[{"start":{"line":44,"column":17},"end":{"line":44,"column":37}},{"start":{"line":44,"column":37},"end":{"line":44,"column":57}}],"line":44},"20":{"loc":{"start":{"line":45,"column":8},"end":{"line":45,"column":null}},"type":"if","locations":[{"start":{"line":45,"column":8},"end":{"line":45,"column":null}},{"start":{},"end":{}}],"line":45},"21":{"loc":{"start":{"line":45,"column":12},"end":{"line":45,"column":30}},"type":"binary-expr","locations":[{"start":{"line":45,"column":12},"end":{"line":45,"column":22}},{"start":{"line":45,"column":22},"end":{"line":45,"column":30}}],"line":45},"22":{"loc":{"start":{"line":48,"column":6},"end":{"line":56,"column":null}},"type":"if","locations":[{"start":{"line":48,"column":6},"end":{"line":56,"column":null}},{"start":{},"end":{}}],"line":48},"23":{"loc":{"start":{"line":48,"column":10},"end":{"line":48,"column":58}},"type":"binary-expr","locations":[{"start":{"line":48,"column":10},"end":{"line":48,"column":19}},{"start":{"line":48,"column":19},"end":{"line":48,"column":42}},{"start":{"line":48,"column":42},"end":{"line":48,"column":58}}],"line":48},"24":{"loc":{"start":{"line":51,"column":10},"end":{"line":51,"column":null}},"type":"if","locations":[{"start":{"line":51,"column":10},"end":{"line":51,"column":null}},{"start":{},"end":{}}],"line":51},"25":{"loc":{"start":{"line":52,"column":10},"end":{"line":52,"column":null}},"type":"if","locations":[{"start":{"line":52,"column":10},"end":{"line":52,"column":null}},{"start":{},"end":{}}],"line":52},"26":{"loc":{"start":{"line":52,"column":14},"end":{"line":52,"column":65}},"type":"binary-expr","locations":[{"start":{"line":52,"column":14},"end":{"line":52,"column":38}},{"start":{"line":52,"column":38},"end":{"line":52,"column":65}}],"line":52},"27":{"loc":{"start":{"line":53,"column":10},"end":{"line":53,"column":null}},"type":"if","locations":[{"start":{"line":53,"column":10},"end":{"line":53,"column":null}},{"start":{},"end":{}}],"line":53},"28":{"loc":{"start":{"line":53,"column":14},"end":{"line":53,"column":88}},"type":"binary-expr","locations":[{"start":{"line":53,"column":14},"end":{"line":53,"column":38}},{"start":{"line":53,"column":38},"end":{"line":53,"column":67}},{"start":{"line":53,"column":67},"end":{"line":53,"column":88}}],"line":53},"29":{"loc":{"start":{"line":56,"column":8},"end":{"line":56,"column":null}},"type":"if","locations":[{"start":{"line":56,"column":8},"end":{"line":56,"column":null}},{"start":{},"end":{}}],"line":56},"30":{"loc":{"start":{"line":59,"column":6},"end":{"line":60,"column":null}},"type":"if","locations":[{"start":{"line":59,"column":6},"end":{"line":60,"column":null}},{"start":{},"end":{}}],"line":59},"31":{"loc":{"start":{"line":59,"column":10},"end":{"line":59,"column":74}},"type":"binary-expr","locations":[{"start":{"line":59,"column":10},"end":{"line":59,"column":24}},{"start":{"line":59,"column":24},"end":{"line":59,"column":47}},{"start":{"line":59,"column":47},"end":{"line":59,"column":74}}],"line":59},"32":{"loc":{"start":{"line":75,"column":4},"end":{"line":76,"column":null}},"type":"if","locations":[{"start":{"line":75,"column":4},"end":{"line":76,"column":null}},{"start":{},"end":{}}],"line":75},"33":{"loc":{"start":{"line":84,"column":18},"end":{"line":84,"column":81}},"type":"cond-expr","locations":[{"start":{"line":84,"column":46},"end":{"line":84,"column":65}},{"start":{"line":84,"column":65},"end":{"line":84,"column":81}}],"line":84},"34":{"loc":{"start":{"line":90,"column":4},"end":{"line":101,"column":null}},"type":"if","locations":[{"start":{"line":90,"column":4},"end":{"line":101,"column":null}},{"start":{},"end":{}}],"line":90},"35":{"loc":{"start":{"line":97,"column":16},"end":{"line":97,"column":null}},"type":"binary-expr","locations":[{"start":{"line":97,"column":16},"end":{"line":97,"column":39}},{"start":{"line":97,"column":39},"end":{"line":97,"column":null}}],"line":97},"36":{"loc":{"start":{"line":108,"column":6},"end":{"line":108,"column":75}},"type":"cond-expr","locations":[{"start":{"line":108,"column":36},"end":{"line":108,"column":57}},{"start":{"line":108,"column":57},"end":{"line":108,"column":75}}],"line":108}},"s":{"0":27,"1":3,"2":24,"3":24,"4":24,"5":24,"6":7,"7":3,"8":2,"9":22,"10":21,"11":25,"12":7,"13":18,"14":18,"15":18,"16":18,"17":18,"18":14,"19":14,"20":5,"21":9,"22":1,"23":8,"24":0,"25":8,"26":1,"27":7,"28":1,"29":6,"30":1,"31":14,"32":5,"33":13,"34":3,"35":5,"36":5,"37":0,"38":5,"39":1,"40":4,"41":1,"42":3,"43":3,"44":1,"45":12,"46":1,"47":15,"48":5,"49":5,"50":5,"51":1,"52":4,"53":4,"54":1,"55":1,"56":1,"57":3,"58":1,"59":1,"60":1,"61":1,"62":1,"63":0,"64":2,"65":0,"66":0,"67":0},"f":{"0":27,"1":5,"2":5},"b":{"0":[3,24],"1":[27,25],"2":[7,17],"3":[2,1],"4":[21,1],"5":[7,18],"6":[14,4],"7":[18,15,14],"8":[5,9],"9":[14,6],"10":[1,8],"11":[9,2,2],"12":[0,8],"13":[8,0],"14":[1,7],"15":[8,2],"16":[1,6],"17":[7,2,2],"18":[1,5],"19":[6,2],"20":[5,9],"21":[14,5],"22":[3,10],"23":[13,3,3],"24":[0,5],"25":[1,4],"26":[5,3],"27":[1,3],"28":[4,2,2],"29":[1,2],"30":[1,11],"31":[12,2,2],"32":[1,4],"33":[1,0],"34":[1,2],"35":[1,0],"36":[0,0]},"meta":{"lastBranch":37,"lastFunction":3,"lastStatement":68,"seen":{"f:7:16:7:Infinity":0,"b:11:2:12:Infinity:undefined:undefined:undefined:undefined":0,"s:11:2:12:Infinity":0,"b:11:6:11:35:11:35:11:51":1,"s:12:4:12:Infinity":1,"s:15:14:15:Infinity":2,"s:16:21:16:Infinity":3,"s:19:19:19:Infinity":4,"b:21:2:24:Infinity:undefined:undefined:undefined:undefined":2,"s:21:2:24:Infinity":5,"s:22:4:24:Infinity":6,"b:23:6:24:Infinity:undefined:undefined:undefined:undefined":3,"s:23:6:24:Infinity":7,"s:24:8:24:Infinity":8,"b:29:2:60:Infinity:undefined:undefined:undefined:undefined":4,"s:29:2:60:Infinity":9,"s:30:4:60:Infinity":10,"b:31:6:31:Infinity:undefined:undefined:undefined:undefined":5,"s:31:6:31:Infinity":11,"s:31:25:31:Infinity":12,"s:32:20:32:Infinity":13,"s:33:19:33:Infinity":14,"s:34:25:34:Infinity":15,"s:35:20:35:Infinity":16,"b:37:6:45:Infinity:undefined:undefined:undefined:undefined":6,"s:37:6:45:Infinity":17,"b:37:10:37:18:37:18:37:41:37:41:37:57":7,"s:38:20:38:Infinity":18,"b:39:8:44:Infinity:40:17:44:Infinity":8,"s:39:8:44:Infinity":19,"b:39:12:39:33:39:33:39:60":9,"s:39:60:39:Infinity":20,"b:40:17:44:Infinity:41:17:44:Infinity":10,"s:40:17:44:Infinity":21,"b:40:17:40:39:40:39:40:68:40:68:40:91":11,"s:40:93:40:Infinity":22,"b:41:17:44:Infinity:42:17:44:Infinity":12,"s:41:17:44:Infinity":23,"b:41:17:41:38:41:38:41:65":13,"s:41:65:41:Infinity":24,"b:42:17:44:Infinity:43:17:44:Infinity":14,"s:42:17:44:Infinity":25,"b:42:17:42:39:42:39:42:67":15,"s:42:67:42:Infinity":26,"b:43:17:44:Infinity:44:17:44:Infinity":16,"s:43:17:44:Infinity":27,"b:43:17:43:38:43:38:43:67:43:67:43:88":17,"s:43:90:43:Infinity":28,"b:44:17:44:Infinity:undefined:undefined:undefined:undefined":18,"s:44:17:44:Infinity":29,"b:44:17:44:37:44:37:44:57":19,"s:44:59:44:Infinity":30,"b:45:8:45:Infinity:undefined:undefined:undefined:undefined":20,"s:45:8:45:Infinity":31,"b:45:12:45:22:45:22:45:30":21,"s:45:30:45:Infinity":32,"b:48:6:56:Infinity:undefined:undefined:undefined:undefined":22,"s:48:6:56:Infinity":33,"b:48:10:48:19:48:19:48:42:48:42:48:58":23,"s:49:25:55:Infinity":34,"f:49:31:49:37":1,"s:50:26:50:Infinity":35,"b:51:10:51:Infinity:undefined:undefined:undefined:undefined":24,"s:51:10:51:Infinity":36,"s:51:24:51:Infinity":37,"b:52:10:52:Infinity:undefined:undefined:undefined:undefined":25,"s:52:10:52:Infinity":38,"b:52:14:52:38:52:38:52:65":26,"s:52:65:52:Infinity":39,"b:53:10:53:Infinity:undefined:undefined:undefined:undefined":27,"s:53:10:53:Infinity":40,"b:53:14:53:38:53:38:53:67:53:67:53:88":28,"s:53:90:53:Infinity":41,"s:54:10:54:Infinity":42,"b:56:8:56:Infinity:undefined:undefined:undefined:undefined":29,"s:56:8:56:Infinity":43,"s:56:23:56:Infinity":44,"b:59:6:60:Infinity:undefined:undefined:undefined:undefined":30,"s:59:6:60:Infinity":45,"b:59:10:59:24:59:24:59:47:59:47:59:74":31,"s:60:8:60:Infinity":46,"s:65:2:65:Infinity":47,"f:68:22:68:Infinity":2,"s:72:2:110:Infinity":48,"s:74:28:74:66":49,"b:75:4:76:Infinity:undefined:undefined:undefined:undefined":32,"s:75:4:76:Infinity":50,"s:76:6:76:Infinity":51,"s:81:4:86:Infinity":52,"s:82:6:82:Infinity":53,"s:84:18:84:81":54,"b:84:46:84:65:84:65:84:81":33,"s:85:6:85:Infinity":55,"s:86:6:86:Infinity":56,"b:90:4:101:Infinity:undefined:undefined:undefined:undefined":34,"s:90:4:101:Infinity":57,"s:91:6:101:Infinity":58,"s:93:32:93:Infinity":59,"s:94:29:94:77":60,"s:95:52:98:Infinity":61,"b:97:16:97:39:97:39:97:Infinity":35,"s:99:8:99:Infinity":62,"s:101:8:101:Infinity":63,"s:105:4:105:Infinity":64,"s:108:6:108:75":65,"b:108:36:108:57:108:57:108:75":36,"s:109:4:109:Infinity":66,"s:110:4:110:Infinity":67}}}
,"/Users/isolomatov/Sources/GAIN/rosetta/rosettify/src/shared/envelope.ts": {"path":"/Users/isolomatov/Sources/GAIN/rosetta/rosettify/src/shared/envelope.ts","statementMap":{"0":{"start":{"line":4,"column":2},"end":{"line":4,"column":null}},"1":{"start":{"line":8,"column":2},"end":{"line":8,"column":null}},"2":{"start":{"line":12,"column":2},"end":{"line":12,"column":null}}},"fnMap":{"0":{"name":"ok","decl":{"start":{"line":3,"column":16},"end":{"line":3,"column":22}},"loc":{"start":{"line":3,"column":49},"end":{"line":4,"column":null}},"line":3},"1":{"name":"err","decl":{"start":{"line":7,"column":16},"end":{"line":7,"column":20}},"loc":{"start":{"line":7,"column":76},"end":{"line":8,"column":null}},"line":7},"2":{"name":"usageErr","decl":{"start":{"line":11,"column":16},"end":{"line":11,"column":25}},"loc":{"start":{"line":11,"column":60},"end":{"line":12,"column":null}},"line":11}},"branchMap":{"0":{"loc":{"start":{"line":7,"column":35},"end":{"line":7,"column":76}},"type":"default-arg","locations":[{"start":{"line":7,"column":49},"end":{"line":7,"column":76}}],"line":7}},"s":{"0":62,"1":45,"2":1},"f":{"0":62,"1":45,"2":1},"b":{"0":[45]},"meta":{"lastBranch":1,"lastFunction":3,"lastStatement":3,"seen":{"f:3:16:3:22":0,"s:4:2:4:Infinity":0,"f:7:16:7:20":1,"b:7:49:7:76":0,"s:8:2:8:Infinity":1,"f:11:16:11:25":2,"s:12:2:12:Infinity":2}}}
,"/Users/isolomatov/Sources/GAIN/rosetta/rosettify/src/shared/logger.ts": {"path":"/Users/isolomatov/Sources/GAIN/rosetta/rosettify/src/shared/logger.ts","statementMap":{"0":{"start":{"line":8,"column":16},"end":{"line":8,"column":null}},"1":{"start":{"line":10,"column":17},"end":{"line":10,"column":null}},"2":{"start":{"line":12,"column":13},"end":{"line":14,"column":null}}},"fnMap":{},"branchMap":{"0":{"loc":{"start":{"line":8,"column":16},"end":{"line":8,"column":null}},"type":"binary-expr","locations":[{"start":{"line":8,"column":16},"end":{"line":8,"column":48}},{"start":{"line":8,"column":48},"end":{"line":8,"column":null}}],"line":8},"1":{"loc":{"start":{"line":10,"column":17},"end":{"line":10,"column":null}},"type":"binary-expr","locations":[{"start":{"line":10,"column":17},"end":{"line":10,"column":55}},{"start":{"line":10,"column":55},"end":{"line":10,"column":null}}],"line":10}},"s":{"0":10,"1":10,"2":10},"f":{},"b":{"0":[10,10],"1":[10,10]},"meta":{"lastBranch":2,"lastFunction":0,"lastStatement":3,"seen":{"s:8:16:8:Infinity":0,"b:8:16:8:48:8:48:8:Infinity":0,"s:10:17:10:Infinity":1,"b:10:17:10:55:10:55:10:Infinity":1,"s:12:13:14:Infinity":2}}}
,"/Users/isolomatov/Sources/GAIN/rosetta/rosettify/tests/fixtures/plans.ts": {"path":"/Users/isolomatov/Sources/GAIN/rosetta/rosettify/tests/fixtures/plans.ts","statementMap":{"0":{"start":{"line":9,"column":2},"end":{"line":56,"column":null}},"1":{"start":{"line":60,"column":2},"end":{"line":67,"column":null}},"2":{"start":{"line":71,"column":2},"end":{"line":95,"column":null}},"3":{"start":{"line":99,"column":2},"end":{"line":123,"column":null}},"4":{"start":{"line":127,"column":2},"end":{"line":158,"column":null}},"5":{"start":{"line":162,"column":2},"end":{"line":169,"column":null}},"6":{"start":{"line":173,"column":2},"end":{"line":181,"column":null}}},"fnMap":{"0":{"name":"fullPlan","decl":{"start":{"line":8,"column":16},"end":{"line":8,"column":33}},"loc":{"start":{"line":8,"column":33},"end":{"line":56,"column":null}},"line":8},"1":{"name":"minimalPlan","decl":{"start":{"line":59,"column":16},"end":{"line":59,"column":36}},"loc":{"start":{"line":59,"column":36},"end":{"line":67,"column":null}},"line":59},"2":{"name":"singleStepPlan","decl":{"start":{"line":70,"column":16},"end":{"line":70,"column":39}},"loc":{"start":{"line":70,"column":39},"end":{"line":95,"column":null}},"line":70},"3":{"name":"completedPlan","decl":{"start":{"line":98,"column":16},"end":{"line":98,"column":38}},"loc":{"start":{"line":98,"column":38},"end":{"line":123,"column":null}},"line":98},"4":{"name":"planWithDuplicateIds","decl":{"start":{"line":126,"column":16},"end":{"line":126,"column":45}},"loc":{"start":{"line":126,"column":45},"end":{"line":158,"column":null}},"line":126},"5":{"name":"stepFactory","decl":{"start":{"line":161,"column":16},"end":{"line":161,"column":28}},"loc":{"start":{"line":161,"column":65},"end":{"line":169,"column":null}},"line":161},"6":{"name":"phaseFactory","decl":{"start":{"line":172,"column":16},"end":{"line":172,"column":29}},"loc":{"start":{"line":172,"column":68},"end":{"line":181,"column":null}},"line":172}},"branchMap":{"0":{"loc":{"start":{"line":161,"column":28},"end":{"line":161,"column":57}},"type":"default-arg","locations":[{"start":{"line":161,"column":55},"end":{"line":161,"column":57}}],"line":161},"1":{"loc":{"start":{"line":172,"column":29},"end":{"line":172,"column":59}},"type":"default-arg","locations":[{"start":{"line":172,"column":57},"end":{"line":172,"column":59}}],"line":172}},"s":{"0":75,"1":26,"2":9,"3":2,"4":1,"5":158,"6":169},"f":{"0":75,"1":26,"2":9,"3":2,"4":1,"5":158,"6":169},"b":{"0":[158],"1":[169]},"meta":{"lastBranch":2,"lastFunction":7,"lastStatement":7,"seen":{"f:8:16:8:33":0,"s:9:2:56:Infinity":0,"f:59:16:59:36":1,"s:60:2:67:Infinity":1,"f:70:16:70:39":2,"s:71:2:95:Infinity":2,"f:98:16:98:38":3,"s:99:2:123:Infinity":3,"f:126:16:126:45":4,"s:127:2:158:Infinity":4,"f:161:16:161:28":5,"b:161:55:161:57":0,"s:162:2:169:Infinity":5,"f:172:16:172:29":6,"b:172:57:172:59":1,"s:173:2:181:Infinity":6}}}
}
